#
# A fatal error has been detected by the Java Runtime Environment:
#
#  EXCEPTION_ACCESS_VIOLATION (0xc0000005) at pc=0x00007ffd6bdc6640, pid=28176, tid=9056
#
# JRE version: OpenJDK Runtime Environment Temurin-11.0.27+6 (11.0.27+6) (build 11.0.27+6)
# Java VM: OpenJDK 64-Bit Server VM Temurin-11.0.27+6 (11.0.27+6, mixed mode, tiered, compressed oops, g1 gc, windows-amd64)
# Problematic frame:
# V  [jvm.dll+0x676640]
#
# No core dump will be written. Minidumps are not enabled by default on client versions of Windows
#
# If you would like to submit a bug report, please visit:
#   https://github.com/adoptium/adoptium-support/issues
#

---------------  S U M M A R Y ------------

Command Line: -Dclassworlds.conf=C:/Users/apapapet/.sdkman/candidates/maven/current/bin/m2.conf -Dmaven.home=C:/Users/apapapet/.sdkman/candidates/maven/current -Dlibrary.jansi.path=C:/Users/apapapet/.sdkman/candidates/maven/current/lib/jansi-native -Dmaven.multiModuleProjectDirectory=C:/Users/apapapet/Projects/personal/funcky org.codehaus.plexus.classworlds.launcher.Launcher clean verify -DskipTests

Host: AMD Ryzen 7 PRO 5875U with Radeon Graphics     , 16 cores, 62G,  Windows 11 , 64 bit Build 26100 (10.0.26100.4484)
Time: Mon Jul 28 18:27:31 2025 GTB Daylight Time elapsed time: 5.305743 seconds (0d 0h 0m 5s)

---------------  T H R E A D  ---------------

Current thread (0x0000020965478000):  JavaThread "C2 CompilerThread7" daemon [_thread_in_native, id=9056, stack(0x0000001247300000,0x0000001247400000)]


Current CompileTask:
C2:   5305 5184       4       com.sun.tools.javac.util.UnsharedNameTable::fromUtf (232 bytes)

Stack: [0x0000001247300000,0x0000001247400000],  sp=0x00000012473fbe80,  free space=1007k
Native frames: (J=compiled Java code, j=interpreted, Vv=VM code, C=native code)
V  [jvm.dll+0x676640]
V  [jvm.dll+0x1b31e0]
V  [jvm.dll+0x2213fd]
V  [jvm.dll+0x2202d3]
V  [jvm.dll+0x19e021]
V  [jvm.dll+0x2302b4]
V  [jvm.dll+0x22e6ac]
V  [jvm.dll+0x798371]
V  [jvm.dll+0x790ed4]
V  [jvm.dll+0x6436a5]
C  [ucrtbase.dll+0x37b0]
C  [KERNEL32.DLL+0x2e8d7]
C  [ntdll.dll+0x3c34c]


siginfo: EXCEPTION_ACCESS_VIOLATION (0xc0000005), reading address 0xffffffffffffffff


Register to memory mapping:

RIP=0x00007ffd6bdc6640 jvm.dll
RAX=0x000000000000004b is an unknown value
RBX=0x0000020964eabf30 points into unknown readable memory: 0x00007ffd6bff4fd0 | d0 4f ff 6b fd 7f 00 00
RCX=0x0 is NULL
RDX=0x0000020962e5a9a8 points into unknown readable memory: 0x00007ffd6bff9668 | 68 96 ff 6b fd 7f 00 00
RSP=0x00000012473fbe80 is pointing into the stack for thread: 0x0000020965478000
RBP=0x00000012473fbf80 is pointing into the stack for thread: 0x0000020965478000
RSI=0x0000000000000002 is an unknown value
RDI=0x000002096505d428 points into unknown readable memory: 0x000002096361dd40 | 40 dd 61 63 09 02 00 00
R8 =0x0000000000000001 is an unknown value
R9 =0x62afc782a17ff6fa is an unknown value
R10=0x00000012473fc4f0 is pointing into the stack for thread: 0x0000020965478000
R11=0x0000020963542098 points into unknown readable memory: 0x00007ffd6bff9668 | 68 96 ff 6b fd 7f 00 00
R12=0x0000000000000006 is an unknown value
R13=0x0000000000000010 is an unknown value
R14=0x000002096361dd40 points into unknown readable memory: 0x0000020963764240 | 40 42 76 63 09 02 00 00
R15=0x000002096505d1d0 points into unknown readable memory: 0x0000000000000000 | 00 00 00 00 00 00 00 00


Registers:
RAX=0x000000000000004b, RBX=0x0000020964eabf30, RCX=0x0000000000000000, RDX=0x0000020962e5a9a8
RSP=0x00000012473fbe80, RBP=0x00000012473fbf80, RSI=0x0000000000000002, RDI=0x000002096505d428
R8 =0x0000000000000001, R9 =0x62afc782a17ff6fa, R10=0x00000012473fc4f0, R11=0x0000020963542098
R12=0x0000000000000006, R13=0x0000000000000010, R14=0x000002096361dd40, R15=0x000002096505d1d0
RIP=0x00007ffd6bdc6640, EFLAGS=0x0000000000010202

Top of Stack: (sp=0x00000012473fbe80)
0x00000012473fbe80:   000002096505d9a0 00000012473fbf80
0x00000012473fbe90:   0000020964eaca90 00000209635422f8
0x00000012473fbea0:   00000209619f2050 00000209619f2010
0x00000012473fbeb0:   0000000000000002 00007ffdffffffff
0x00000012473fbec0:   0000020900000006 0000020963542098
0x00000012473fbed0:   00000209635422f8 0000002000000006
0x00000012473fbee0:   0000000000000000 00007ffd00000007
0x00000012473fbef0:   000002096361dc00 0000020962e5a9a8
0x00000012473fbf00:   000002096505d9a0 00000012000000e0
0x00000012473fbf10:   0000000000000000 0000000000000000
0x00000012473fbf20:   0000000000000000 0000000000000000
0x00000012473fbf30:   0000000000000000 0000000000000000
0x00000012473fbf40:   0000000000000000 0000000000000000
0x00000012473fbf50:   0000000000000000 0000000000000000
0x00000012473fbf60:   0000000000000000 00007ffd6b903857
0x00000012473fbf70:   000002096505d1d0 0000020962e5a9f4 

Instructions: (pc=0x00007ffd6bdc6640)
0x00007ffd6bdc6540:   8d 0d 72 ae 2b 00 ba f3 00 00 00 4c 8d 05 f6 ae
0x00007ffd6bdc6550:   2b 00 48 8d 0d 9f ae 2b 00 e8 62 2a bf ff e8 bd
0x00007ffd6bdc6560:   63 fc ff 4c 8b 95 f0 00 00 00 4c 8b 5c 24 48 49
0x00007ffd6bdc6570:   8b 82 28 01 00 00 48 63 4b 28 8b 0c 88 49 8b 42
0x00007ffd6bdc6580:   70 48 8d 14 89 48 8b 48 20 48 c1 e2 05 44 39 7c
0x00007ffd6bdc6590:   0a 30 75 43 48 89 74 24 30 4c 8b cb 4c 89 74 24
0x00007ffd6bdc65a0:   28 45 8b c4 48 8b d7 4c 89 5c 24 20 49 8b ca e8
0x00007ffd6bdc65b0:   8c 19 00 00 48 8b 47 08 4c 8b 95 f0 00 00 00 4a
0x00007ffd6bdc65c0:   39 1c 28 75 12 0f b7 43 30 4c 8b 5c 24 48 83 e0
0x00007ffd6bdc65d0:   01 0f 85 59 ff ff ff 44 8b 64 24 40 4c 8b 45 f8
0x00007ffd6bdc65e0:   4c 8b 5c 24 48 48 8b 4d 10 41 ff c4 4c 8b 7d f0
0x00007ffd6bdc65f0:   48 83 c1 08 44 89 64 24 40 48 89 4d 10 44 3b a5
0x00007ffd6bdc6600:   00 01 00 00 0f 82 c6 fe ff ff 48 8b 54 24 78 8b
0x00007ffd6bdc6610:   b5 08 01 00 00 eb 04 4c 89 45 f8 41 8b 00 49 83
0x00007ffd6bdc6620:   3c c7 00 49 8d 3c c7 0f 84 aa 02 00 00 44 8b 42
0x00007ffd6bdc6630:   48 33 c9 45 85 c0 74 27 4c 8b 4a 40 0f 1f 40 00
0x00007ffd6bdc6640:   49 8b 14 c9 8b 42 4c 49 83 3c c7 00 75 05 49 3b
0x00007ffd6bdc6650:   d3 75 07 ff c1 41 3b c8 72 e6 48 8b 54 24 78 41
0x00007ffd6bdc6660:   3b c8 0f 82 bc 01 00 00 8b 4c 24 58 8b 44 24 5c
0x00007ffd6bdc6670:   48 89 54 24 50 3b c8 0f 85 af 00 00 00 85 c0 75
0x00007ffd6bdc6680:   0d c7 44 24 5c 01 00 00 00 b8 01 00 00 00 3b c8
0x00007ffd6bdc6690:   7c 0a 03 c0 3b c8 7d fa 89 44 24 5c ba 08 00 00
0x00007ffd6bdc66a0:   00 48 8d 4c 24 58 e8 a5 95 ce ff 8b 4c 24 58 45
0x00007ffd6bdc66b0:   33 c0 48 8b d8 85 c9 7e 26 45 33 c9 0f 1f 40 00
0x00007ffd6bdc66c0:   48 8b 4c 24 70 4d 8d 49 08 41 ff c0 4a 8b 54 09
0x00007ffd6bdc66d0:   f8 4a 89 54 08 f8 8b 4c 24 58 44 3b c1 7c e1 44
0x00007ffd6bdc66e0:   3b 44 24 5c 7d 21 66 66 0f 1f 84 00 00 00 00 00
0x00007ffd6bdc66f0:   49 63 c0 33 c9 41 ff c0 48 89 0c c3 44 3b 44 24
0x00007ffd6bdc6700:   5c 7c ed 8b 4c 24 58 48 83 7c 24 60 01 75 18 48
0x00007ffd6bdc6710:   8b 54 24 70 48 85 d2 74 0e 48 8d 4c 24 58 e8 bd
0x00007ffd6bdc6720:   02 b8 ff 8b 4c 24 58 48 89 5c 24 70 8d 41 01 48
0x00007ffd6bdc6730:   63 d1 89 44 24 58 48 8b 0f 48 8b 44 24 70 48 89 


Stack slot to memory mapping:
stack at sp + 0 slots: 0x000002096505d9a0 points into unknown readable memory: 0x0000000000000000 | 00 00 00 00 00 00 00 00
stack at sp + 1 slots: 0x00000012473fbf80 is pointing into the stack for thread: 0x0000020965478000
stack at sp + 2 slots: 0x0000020964eaca90 points into unknown readable memory: 0x00007ffd6bff4fd0 | d0 4f ff 6b fd 7f 00 00
stack at sp + 3 slots: 0x00000209635422f8 points into unknown readable memory: 0x00007ffd6bff9668 | 68 96 ff 6b fd 7f 00 00
stack at sp + 4 slots: 0x00000209619f2050 points into unknown readable memory: 0x0000020963764240 | 40 42 76 63 09 02 00 00
stack at sp + 5 slots: 0x00000209619f2010 points into unknown readable memory: 0x0000020963764240 | 40 42 76 63 09 02 00 00
stack at sp + 6 slots: 0x0000000000000002 is an unknown value
stack at sp + 7 slots: 0x00007ffdffffffff is an unknown value


---------------  P R O C E S S  ---------------

Threads class SMR info:
_java_thread_list=0x000002096524b5e0, length=21, elements={
0x000002091ff53000, 0x0000020960678000, 0x0000020960644800, 0x00000209606c3000,
0x00000209606c4000, 0x00000209606c5800, 0x00000209606c8800, 0x00000209606df000,
0x00000209606ec000, 0x000002096081a000, 0x00000209611b0800, 0x000002096081b000,
0x0000020960819800, 0x000002096081c800, 0x0000020962d98000, 0x000002096081d800,
0x000002096081c000, 0x000002096081f800, 0x0000020960820000, 0x0000020965479000,
0x0000020965478000
}

Java Threads: ( => current thread )
  0x000002091ff53000 JavaThread "main" [_thread_blocked, id=29552, stack(0x0000001244a00000,0x0000001244b00000)]
  0x0000020960678000 JavaThread "Reference Handler" daemon [_thread_blocked, id=17308, stack(0x0000001245100000,0x0000001245200000)]
  0x0000020960644800 JavaThread "Finalizer" daemon [_thread_blocked, id=19520, stack(0x0000001245200000,0x0000001245300000)]
  0x00000209606c3000 JavaThread "Signal Dispatcher" daemon [_thread_blocked, id=31312, stack(0x0000001245300000,0x0000001245400000)]
  0x00000209606c4000 JavaThread "Attach Listener" daemon [_thread_blocked, id=28520, stack(0x0000001245400000,0x0000001245500000)]
  0x00000209606c5800 JavaThread "Service Thread" daemon [_thread_blocked, id=29140, stack(0x0000001245500000,0x0000001245600000)]
  0x00000209606c8800 JavaThread "C2 CompilerThread0" daemon [_thread_in_native, id=26460, stack(0x0000001245600000,0x0000001245700000)]
  0x00000209606df000 JavaThread "C1 CompilerThread0" daemon [_thread_blocked, id=16068, stack(0x0000001245700000,0x0000001245800000)]
  0x00000209606ec000 JavaThread "Sweeper thread" daemon [_thread_blocked, id=12348, stack(0x0000001245800000,0x0000001245900000)]
  0x000002096081a000 JavaThread "C1 CompilerThread1" daemon [_thread_blocked, id=27724, stack(0x0000001245900000,0x0000001245a00000)]
  0x00000209611b0800 JavaThread "Common-Cleaner" daemon [_thread_blocked, id=3060, stack(0x0000001245b00000,0x0000001245c00000)]
  0x000002096081b000 JavaThread "C2 CompilerThread1" daemon [_thread_in_native, id=18228, stack(0x0000001245c00000,0x0000001245d00000)]
  0x0000020960819800 JavaThread "C1 CompilerThread2" daemon [_thread_blocked, id=16608, stack(0x0000001245e00000,0x0000001245f00000)]
  0x000002096081c800 JavaThread "C1 CompilerThread3" daemon [_thread_blocked, id=28316, stack(0x0000001245f00000,0x0000001246000000)]
  0x0000020962d98000 JavaThread "Thread-1" daemon [_thread_blocked, id=13848, stack(0x0000001246f00000,0x0000001247000000)]
  0x000002096081d800 JavaThread "C2 CompilerThread2" daemon [_thread_blocked, id=29944, stack(0x0000001245d00000,0x0000001245e00000)]
  0x000002096081c000 JavaThread "C2 CompilerThread3" daemon [_thread_blocked, id=31204, stack(0x0000001246000000,0x0000001246100000)]
  0x000002096081f800 JavaThread "C2 CompilerThread4" daemon [_thread_in_native, id=14448, stack(0x0000001247000000,0x0000001247100000)]
  0x0000020960820000 JavaThread "C2 CompilerThread5" daemon [_thread_blocked, id=34296, stack(0x0000001247100000,0x0000001247200000)]
  0x0000020965479000 JavaThread "C2 CompilerThread6" daemon [_thread_blocked, id=15332, stack(0x0000001247200000,0x0000001247300000)]
=>0x0000020965478000 JavaThread "C2 CompilerThread7" daemon [_thread_in_native, id=9056, stack(0x0000001247300000,0x0000001247400000)]

Other Threads:
  0x0000020960640800 VMThread "VM Thread" [stack: 0x0000001245000000,0x0000001245100000] [id=30556]
  0x0000020960896000 WatcherThread [stack: 0x0000001245a00000,0x0000001245b00000] [id=464]
  0x000002091ff6e800 GCTaskThread "GC Thread#0" [stack: 0x0000001244b00000,0x0000001244c00000] [id=3460]
  0x00000209620bc000 GCTaskThread "GC Thread#1" [stack: 0x0000001246300000,0x0000001246400000] [id=28348]
  0x00000209620bd000 GCTaskThread "GC Thread#2" [stack: 0x0000001246400000,0x0000001246500000] [id=35532]
  0x0000020962141800 GCTaskThread "GC Thread#3" [stack: 0x0000001246500000,0x0000001246600000] [id=35220]
  0x0000020962142800 GCTaskThread "GC Thread#4" [stack: 0x0000001246600000,0x0000001246700000] [id=6100]
  0x0000020961b63000 GCTaskThread "GC Thread#5" [stack: 0x0000001246700000,0x0000001246800000] [id=19616]
  0x0000020961c92000 GCTaskThread "GC Thread#6" [stack: 0x0000001246800000,0x0000001246900000] [id=31492]
  0x0000020961c92800 GCTaskThread "GC Thread#7" [stack: 0x0000001246900000,0x0000001246a00000] [id=31716]
  0x000002096246a800 GCTaskThread "GC Thread#8" [stack: 0x0000001246a00000,0x0000001246b00000] [id=27224]
  0x0000020962935000 GCTaskThread "GC Thread#9" [stack: 0x0000001246b00000,0x0000001246c00000] [id=24600]
  0x0000020962935800 GCTaskThread "GC Thread#10" [stack: 0x0000001246c00000,0x0000001246d00000] [id=23348]
  0x00000209623cd000 GCTaskThread "GC Thread#11" [stack: 0x0000001246d00000,0x0000001246e00000] [id=35176]
  0x00000209623ce000 GCTaskThread "GC Thread#12" [stack: 0x0000001246e00000,0x0000001246f00000] [id=15432]
  0x000002095d4e0000 ConcurrentGCThread "G1 Main Marker" [stack: 0x0000001244c00000,0x0000001244d00000] [id=29400]
  0x0000020920019000 ConcurrentGCThread "G1 Conc#0" [stack: 0x0000001244d00000,0x0000001244e00000] [id=31740]
  0x0000020962ca6800 ConcurrentGCThread "G1 Conc#1" [stack: 0x0000001246100000,0x0000001246200000] [id=19824]
  0x00000209628fe000 ConcurrentGCThread "G1 Conc#2" [stack: 0x0000001246200000,0x0000001246300000] [id=26408]
  0x000002095d4e1000 ConcurrentGCThread "G1 Refine#0" [stack: 0x0000001244e00000,0x0000001244f00000] [id=23068]
  0x000002095d6b3000 ConcurrentGCThread "G1 Young RemSet Sampling" [stack: 0x0000001244f00000,0x0000001245000000] [id=2128]

Threads with active compile tasks:
C2 CompilerThread0     5445 5040       4       java.util.regex.Pattern::compile (498 bytes)
C2 CompilerThread1     5445 5406   !   4       com.sun.tools.javac.code.Symbol$ClassSymbol::complete (52 bytes)
C1 CompilerThread2     5445 5492   !   3       com.sun.tools.javac.code.Scope$FilterImportScope::getSymbolsByName (89 bytes)
C2 CompilerThread2     5445 5382       4       com.sun.tools.javac.code.Type$ClassType::<init> (38 bytes)
C2 CompilerThread3     5445 5304       4       com.sun.tools.javac.code.Symtab::lookupPackage (259 bytes)
C2 CompilerThread4     5445 5185   !   4       com.sun.tools.javac.jvm.ClassReader::classSigToType (498 bytes)
C2 CompilerThread5     5445 5470       4       com.sun.tools.javac.code.Scope$ScopeImpl::<init> (46 bytes)
C2 CompilerThread6     5445 5263       4       com.sun.tools.javac.jvm.ClassReader::sigToType (880 bytes)
C2 CompilerThread7     5446 5184       4       com.sun.tools.javac.util.UnsharedNameTable::fromUtf (232 bytes)

VM state:at safepoint (normal execution)

VM Mutex/Monitor currently owned by a thread:  ([mutex/lock_event])
[0x000002091ff3e780] Threads_lock - owner thread: 0x0000020960640800
[0x000002091ff52610] Heap_lock - owner thread: 0x000002091ff53000

Heap address: 0x0000000413400000, size: 16076 MB, Compressed Oops mode: Zero based, Oop shift amount: 3
Narrow klass base: 0x0000000800000000, Narrow klass shift: 0
Compressed class space size: 1073741824 Address: 0x0000000800000000

Heap:
 garbage-first heap   total 1032192K, used 79925K [0x0000000413400000, 0x0000000800000000)
  region size 4096K, 19 young (77824K), 2 survivors (8192K)
 Metaspace       used 34782K, capacity 35676K, committed 35708K, reserved 1081344K
  class space    used 3751K, capacity 4091K, committed 4096K, reserved 1048576K
Heap Regions: E=young(eden), S=young(survivor), O=old, HS=humongous(starts), HC=humongous(continues), CS=collection set, F=free, A=archive, TAMS=top-at-mark-start (previous, next)
|   0|0x0000000413400000, 0x0000000413800000, 0x0000000413800000|100%| O|  |TAMS 0x0000000413400000, 0x0000000413800000| Untracked 
|   1|0x0000000413800000, 0x0000000413800000, 0x0000000413c00000|  0%| F|  |TAMS 0x0000000413800000, 0x0000000413800000| Untracked 
|   2|0x0000000413c00000, 0x0000000413c00000, 0x0000000414000000|  0%| F|  |TAMS 0x0000000413c00000, 0x0000000413c00000| Untracked 
|   3|0x0000000414000000, 0x0000000414000000, 0x0000000414400000|  0%| F|  |TAMS 0x0000000414000000, 0x0000000414000000| Untracked 
|   4|0x0000000414400000, 0x0000000414400000, 0x0000000414800000|  0%| F|  |TAMS 0x0000000414400000, 0x0000000414400000| Untracked 
|   5|0x0000000414800000, 0x0000000414800000, 0x0000000414c00000|  0%| F|  |TAMS 0x0000000414800000, 0x0000000414800000| Untracked 
|   6|0x0000000414c00000, 0x0000000414c00000, 0x0000000415000000|  0%| F|  |TAMS 0x0000000414c00000, 0x0000000414c00000| Untracked 
|   7|0x0000000415000000, 0x0000000415000000, 0x0000000415400000|  0%| F|  |TAMS 0x0000000415000000, 0x0000000415000000| Untracked 
|   8|0x0000000415400000, 0x0000000415400000, 0x0000000415800000|  0%| F|  |TAMS 0x0000000415400000, 0x0000000415400000| Untracked 
|   9|0x0000000415800000, 0x0000000415800000, 0x0000000415c00000|  0%| F|  |TAMS 0x0000000415800000, 0x0000000415800000| Untracked 
|  10|0x0000000415c00000, 0x0000000415c00000, 0x0000000416000000|  0%| F|  |TAMS 0x0000000415c00000, 0x0000000415c00000| Untracked 
|  11|0x0000000416000000, 0x0000000416000000, 0x0000000416400000|  0%| F|  |TAMS 0x0000000416000000, 0x0000000416000000| Untracked 
|  12|0x0000000416400000, 0x0000000416400000, 0x0000000416800000|  0%| F|  |TAMS 0x0000000416400000, 0x0000000416400000| Untracked 
|  13|0x0000000416800000, 0x0000000416800000, 0x0000000416c00000|  0%| F|  |TAMS 0x0000000416800000, 0x0000000416800000| Untracked 
|  14|0x0000000416c00000, 0x0000000416c00000, 0x0000000417000000|  0%| F|  |TAMS 0x0000000416c00000, 0x0000000416c00000| Untracked 
|  15|0x0000000417000000, 0x0000000417000000, 0x0000000417400000|  0%| F|  |TAMS 0x0000000417000000, 0x0000000417000000| Untracked 
|  16|0x0000000417400000, 0x0000000417400000, 0x0000000417800000|  0%| F|  |TAMS 0x0000000417400000, 0x0000000417400000| Untracked 
|  17|0x0000000417800000, 0x0000000417800000, 0x0000000417c00000|  0%| F|  |TAMS 0x0000000417800000, 0x0000000417800000| Untracked 
|  18|0x0000000417c00000, 0x0000000417c00000, 0x0000000418000000|  0%| F|  |TAMS 0x0000000417c00000, 0x0000000417c00000| Untracked 
|  19|0x0000000418000000, 0x0000000418000000, 0x0000000418400000|  0%| F|  |TAMS 0x0000000418000000, 0x0000000418000000| Untracked 
|  20|0x0000000418400000, 0x0000000418400000, 0x0000000418800000|  0%| F|  |TAMS 0x0000000418400000, 0x0000000418400000| Untracked 
|  21|0x0000000418800000, 0x0000000418800000, 0x0000000418c00000|  0%| F|  |TAMS 0x0000000418800000, 0x0000000418800000| Untracked 
|  22|0x0000000418c00000, 0x0000000418c00000, 0x0000000419000000|  0%| F|  |TAMS 0x0000000418c00000, 0x0000000418c00000| Untracked 
|  23|0x0000000419000000, 0x0000000419000000, 0x0000000419400000|  0%| F|  |TAMS 0x0000000419000000, 0x0000000419000000| Untracked 
|  24|0x0000000419400000, 0x0000000419400000, 0x0000000419800000|  0%| F|  |TAMS 0x0000000419400000, 0x0000000419400000| Untracked 
|  25|0x0000000419800000, 0x0000000419800000, 0x0000000419c00000|  0%| F|  |TAMS 0x0000000419800000, 0x0000000419800000| Untracked 
|  26|0x0000000419c00000, 0x0000000419c00000, 0x000000041a000000|  0%| F|  |TAMS 0x0000000419c00000, 0x0000000419c00000| Untracked 
|  27|0x000000041a000000, 0x000000041a000000, 0x000000041a400000|  0%| F|  |TAMS 0x000000041a000000, 0x000000041a000000| Untracked 
|  28|0x000000041a400000, 0x000000041a400000, 0x000000041a800000|  0%| F|  |TAMS 0x000000041a400000, 0x000000041a400000| Untracked 
|  29|0x000000041a800000, 0x000000041a800000, 0x000000041ac00000|  0%| F|  |TAMS 0x000000041a800000, 0x000000041a800000| Untracked 
|  30|0x000000041ac00000, 0x000000041ac00000, 0x000000041b000000|  0%| F|  |TAMS 0x000000041ac00000, 0x000000041ac00000| Untracked 
|  31|0x000000041b000000, 0x000000041b000000, 0x000000041b400000|  0%| F|  |TAMS 0x000000041b000000, 0x000000041b000000| Untracked 
|  32|0x000000041b400000, 0x000000041b400000, 0x000000041b800000|  0%| F|  |TAMS 0x000000041b400000, 0x000000041b400000| Untracked 
|  33|0x000000041b800000, 0x000000041b800000, 0x000000041bc00000|  0%| F|  |TAMS 0x000000041b800000, 0x000000041b800000| Untracked 
|  34|0x000000041bc00000, 0x000000041bc00000, 0x000000041c000000|  0%| F|  |TAMS 0x000000041bc00000, 0x000000041bc00000| Untracked 
|  35|0x000000041c000000, 0x000000041c000000, 0x000000041c400000|  0%| F|  |TAMS 0x000000041c000000, 0x000000041c000000| Untracked 
|  36|0x000000041c400000, 0x000000041c400000, 0x000000041c800000|  0%| F|  |TAMS 0x000000041c400000, 0x000000041c400000| Untracked 
|  37|0x000000041c800000, 0x000000041c800000, 0x000000041cc00000|  0%| F|  |TAMS 0x000000041c800000, 0x000000041c800000| Untracked 
|  38|0x000000041cc00000, 0x000000041cc00000, 0x000000041d000000|  0%| F|  |TAMS 0x000000041cc00000, 0x000000041cc00000| Untracked 
|  39|0x000000041d000000, 0x000000041d000000, 0x000000041d400000|  0%| F|  |TAMS 0x000000041d000000, 0x000000041d000000| Untracked 
|  40|0x000000041d400000, 0x000000041d400000, 0x000000041d800000|  0%| F|  |TAMS 0x000000041d400000, 0x000000041d400000| Untracked 
|  41|0x000000041d800000, 0x000000041d800000, 0x000000041dc00000|  0%| F|  |TAMS 0x000000041d800000, 0x000000041d800000| Untracked 
|  42|0x000000041dc00000, 0x000000041dc00000, 0x000000041e000000|  0%| F|  |TAMS 0x000000041dc00000, 0x000000041dc00000| Untracked 
|  43|0x000000041e000000, 0x000000041e000000, 0x000000041e400000|  0%| F|  |TAMS 0x000000041e000000, 0x000000041e000000| Untracked 
|  44|0x000000041e400000, 0x000000041e400000, 0x000000041e800000|  0%| F|  |TAMS 0x000000041e400000, 0x000000041e400000| Untracked 
|  45|0x000000041e800000, 0x000000041e800000, 0x000000041ec00000|  0%| F|  |TAMS 0x000000041e800000, 0x000000041e800000| Untracked 
|  46|0x000000041ec00000, 0x000000041ec00000, 0x000000041f000000|  0%| F|  |TAMS 0x000000041ec00000, 0x000000041ec00000| Untracked 
|  47|0x000000041f000000, 0x000000041f000000, 0x000000041f400000|  0%| F|  |TAMS 0x000000041f000000, 0x000000041f000000| Untracked 
|  48|0x000000041f400000, 0x000000041f400000, 0x000000041f800000|  0%| F|  |TAMS 0x000000041f400000, 0x000000041f400000| Untracked 
|  49|0x000000041f800000, 0x000000041f800000, 0x000000041fc00000|  0%| F|  |TAMS 0x000000041f800000, 0x000000041f800000| Untracked 
|  50|0x000000041fc00000, 0x000000041fc00000, 0x0000000420000000|  0%| F|  |TAMS 0x000000041fc00000, 0x000000041fc00000| Untracked 
|  51|0x0000000420000000, 0x0000000420000000, 0x0000000420400000|  0%| F|  |TAMS 0x0000000420000000, 0x0000000420000000| Untracked 
|  52|0x0000000420400000, 0x0000000420400000, 0x0000000420800000|  0%| F|  |TAMS 0x0000000420400000, 0x0000000420400000| Untracked 
|  53|0x0000000420800000, 0x0000000420800000, 0x0000000420c00000|  0%| F|  |TAMS 0x0000000420800000, 0x0000000420800000| Untracked 
|  54|0x0000000420c00000, 0x0000000420c00000, 0x0000000421000000|  0%| F|  |TAMS 0x0000000420c00000, 0x0000000420c00000| Untracked 
|  55|0x0000000421000000, 0x0000000421000000, 0x0000000421400000|  0%| F|  |TAMS 0x0000000421000000, 0x0000000421000000| Untracked 
|  56|0x0000000421400000, 0x0000000421400000, 0x0000000421800000|  0%| F|  |TAMS 0x0000000421400000, 0x0000000421400000| Untracked 
|  57|0x0000000421800000, 0x0000000421800000, 0x0000000421c00000|  0%| F|  |TAMS 0x0000000421800000, 0x0000000421800000| Untracked 
|  58|0x0000000421c00000, 0x0000000421c00000, 0x0000000422000000|  0%| F|  |TAMS 0x0000000421c00000, 0x0000000421c00000| Untracked 
|  59|0x0000000422000000, 0x0000000422000000, 0x0000000422400000|  0%| F|  |TAMS 0x0000000422000000, 0x0000000422000000| Untracked 
|  60|0x0000000422400000, 0x0000000422400000, 0x0000000422800000|  0%| F|  |TAMS 0x0000000422400000, 0x0000000422400000| Untracked 
|  61|0x0000000422800000, 0x0000000422800000, 0x0000000422c00000|  0%| F|  |TAMS 0x0000000422800000, 0x0000000422800000| Untracked 
|  62|0x0000000422c00000, 0x0000000422c00000, 0x0000000423000000|  0%| F|  |TAMS 0x0000000422c00000, 0x0000000422c00000| Untracked 
|  63|0x0000000423000000, 0x0000000423000000, 0x0000000423400000|  0%| F|  |TAMS 0x0000000423000000, 0x0000000423000000| Untracked 
|  64|0x0000000423400000, 0x0000000423400000, 0x0000000423800000|  0%| F|  |TAMS 0x0000000423400000, 0x0000000423400000| Untracked 
|  65|0x0000000423800000, 0x0000000423800000, 0x0000000423c00000|  0%| F|  |TAMS 0x0000000423800000, 0x0000000423800000| Untracked 
|  66|0x0000000423c00000, 0x0000000423c00000, 0x0000000424000000|  0%| F|  |TAMS 0x0000000423c00000, 0x0000000423c00000| Untracked 
|  67|0x0000000424000000, 0x0000000424000000, 0x0000000424400000|  0%| F|  |TAMS 0x0000000424000000, 0x0000000424000000| Untracked 
|  68|0x0000000424400000, 0x0000000424400000, 0x0000000424800000|  0%| F|  |TAMS 0x0000000424400000, 0x0000000424400000| Untracked 
|  69|0x0000000424800000, 0x0000000424800000, 0x0000000424c00000|  0%| F|  |TAMS 0x0000000424800000, 0x0000000424800000| Untracked 
|  70|0x0000000424c00000, 0x0000000424c00000, 0x0000000425000000|  0%| F|  |TAMS 0x0000000424c00000, 0x0000000424c00000| Untracked 
|  71|0x0000000425000000, 0x0000000425000000, 0x0000000425400000|  0%| F|  |TAMS 0x0000000425000000, 0x0000000425000000| Untracked 
|  72|0x0000000425400000, 0x0000000425400000, 0x0000000425800000|  0%| F|  |TAMS 0x0000000425400000, 0x0000000425400000| Untracked 
|  73|0x0000000425800000, 0x0000000425800000, 0x0000000425c00000|  0%| F|  |TAMS 0x0000000425800000, 0x0000000425800000| Untracked 
|  74|0x0000000425c00000, 0x0000000425c00000, 0x0000000426000000|  0%| F|  |TAMS 0x0000000425c00000, 0x0000000425c00000| Untracked 
|  75|0x0000000426000000, 0x0000000426000000, 0x0000000426400000|  0%| F|  |TAMS 0x0000000426000000, 0x0000000426000000| Untracked 
|  76|0x0000000426400000, 0x0000000426400000, 0x0000000426800000|  0%| F|  |TAMS 0x0000000426400000, 0x0000000426400000| Untracked 
|  77|0x0000000426800000, 0x0000000426800000, 0x0000000426c00000|  0%| F|  |TAMS 0x0000000426800000, 0x0000000426800000| Untracked 
|  78|0x0000000426c00000, 0x0000000426c00000, 0x0000000427000000|  0%| F|  |TAMS 0x0000000426c00000, 0x0000000426c00000| Untracked 
|  79|0x0000000427000000, 0x0000000427000000, 0x0000000427400000|  0%| F|  |TAMS 0x0000000427000000, 0x0000000427000000| Untracked 
|  80|0x0000000427400000, 0x0000000427400000, 0x0000000427800000|  0%| F|  |TAMS 0x0000000427400000, 0x0000000427400000| Untracked 
|  81|0x0000000427800000, 0x0000000427800000, 0x0000000427c00000|  0%| F|  |TAMS 0x0000000427800000, 0x0000000427800000| Untracked 
|  82|0x0000000427c00000, 0x0000000427c00000, 0x0000000428000000|  0%| F|  |TAMS 0x0000000427c00000, 0x0000000427c00000| Untracked 
|  83|0x0000000428000000, 0x0000000428000000, 0x0000000428400000|  0%| F|  |TAMS 0x0000000428000000, 0x0000000428000000| Untracked 
|  84|0x0000000428400000, 0x0000000428400000, 0x0000000428800000|  0%| F|  |TAMS 0x0000000428400000, 0x0000000428400000| Untracked 
|  85|0x0000000428800000, 0x0000000428800000, 0x0000000428c00000|  0%| F|  |TAMS 0x0000000428800000, 0x0000000428800000| Untracked 
|  86|0x0000000428c00000, 0x0000000428c00000, 0x0000000429000000|  0%| F|  |TAMS 0x0000000428c00000, 0x0000000428c00000| Untracked 
|  87|0x0000000429000000, 0x0000000429000000, 0x0000000429400000|  0%| F|  |TAMS 0x0000000429000000, 0x0000000429000000| Untracked 
|  88|0x0000000429400000, 0x0000000429400000, 0x0000000429800000|  0%| F|  |TAMS 0x0000000429400000, 0x0000000429400000| Untracked 
|  89|0x0000000429800000, 0x0000000429800000, 0x0000000429c00000|  0%| F|  |TAMS 0x0000000429800000, 0x0000000429800000| Untracked 
|  90|0x0000000429c00000, 0x0000000429c00000, 0x000000042a000000|  0%| F|  |TAMS 0x0000000429c00000, 0x0000000429c00000| Untracked 
|  91|0x000000042a000000, 0x000000042a000000, 0x000000042a400000|  0%| F|  |TAMS 0x000000042a000000, 0x000000042a000000| Untracked 
|  92|0x000000042a400000, 0x000000042a400000, 0x000000042a800000|  0%| F|  |TAMS 0x000000042a400000, 0x000000042a400000| Untracked 
|  93|0x000000042a800000, 0x000000042a800000, 0x000000042ac00000|  0%| F|  |TAMS 0x000000042a800000, 0x000000042a800000| Untracked 
|  94|0x000000042ac00000, 0x000000042ac00000, 0x000000042b000000|  0%| F|  |TAMS 0x000000042ac00000, 0x000000042ac00000| Untracked 
|  95|0x000000042b000000, 0x000000042b000000, 0x000000042b400000|  0%| F|  |TAMS 0x000000042b000000, 0x000000042b000000| Untracked 
|  96|0x000000042b400000, 0x000000042b400000, 0x000000042b800000|  0%| F|  |TAMS 0x000000042b400000, 0x000000042b400000| Untracked 
|  97|0x000000042b800000, 0x000000042b800000, 0x000000042bc00000|  0%| F|  |TAMS 0x000000042b800000, 0x000000042b800000| Untracked 
|  98|0x000000042bc00000, 0x000000042bc00000, 0x000000042c000000|  0%| F|  |TAMS 0x000000042bc00000, 0x000000042bc00000| Untracked 
|  99|0x000000042c000000, 0x000000042c000000, 0x000000042c400000|  0%| F|  |TAMS 0x000000042c000000, 0x000000042c000000| Untracked 
| 100|0x000000042c400000, 0x000000042c400000, 0x000000042c800000|  0%| F|  |TAMS 0x000000042c400000, 0x000000042c400000| Untracked 
| 101|0x000000042c800000, 0x000000042c800000, 0x000000042cc00000|  0%| F|  |TAMS 0x000000042c800000, 0x000000042c800000| Untracked 
| 102|0x000000042cc00000, 0x000000042cc00000, 0x000000042d000000|  0%| F|  |TAMS 0x000000042cc00000, 0x000000042cc00000| Untracked 
| 103|0x000000042d000000, 0x000000042d000000, 0x000000042d400000|  0%| F|  |TAMS 0x000000042d000000, 0x000000042d000000| Untracked 
| 104|0x000000042d400000, 0x000000042d400000, 0x000000042d800000|  0%| F|  |TAMS 0x000000042d400000, 0x000000042d400000| Untracked 
| 105|0x000000042d800000, 0x000000042d800000, 0x000000042dc00000|  0%| F|  |TAMS 0x000000042d800000, 0x000000042d800000| Untracked 
| 106|0x000000042dc00000, 0x000000042dc00000, 0x000000042e000000|  0%| F|  |TAMS 0x000000042dc00000, 0x000000042dc00000| Untracked 
| 107|0x000000042e000000, 0x000000042e000000, 0x000000042e400000|  0%| F|  |TAMS 0x000000042e000000, 0x000000042e000000| Untracked 
| 108|0x000000042e400000, 0x000000042e400000, 0x000000042e800000|  0%| F|  |TAMS 0x000000042e400000, 0x000000042e400000| Untracked 
| 109|0x000000042e800000, 0x000000042e800000, 0x000000042ec00000|  0%| F|  |TAMS 0x000000042e800000, 0x000000042e800000| Untracked 
| 110|0x000000042ec00000, 0x000000042ec00000, 0x000000042f000000|  0%| F|  |TAMS 0x000000042ec00000, 0x000000042ec00000| Untracked 
| 111|0x000000042f000000, 0x000000042f000000, 0x000000042f400000|  0%| F|  |TAMS 0x000000042f000000, 0x000000042f000000| Untracked 
| 112|0x000000042f400000, 0x000000042f400000, 0x000000042f800000|  0%| F|  |TAMS 0x000000042f400000, 0x000000042f400000| Untracked 
| 113|0x000000042f800000, 0x000000042f800000, 0x000000042fc00000|  0%| F|  |TAMS 0x000000042f800000, 0x000000042f800000| Untracked 
| 114|0x000000042fc00000, 0x000000042fc00000, 0x0000000430000000|  0%| F|  |TAMS 0x000000042fc00000, 0x000000042fc00000| Untracked 
| 115|0x0000000430000000, 0x0000000430000000, 0x0000000430400000|  0%| F|  |TAMS 0x0000000430000000, 0x0000000430000000| Untracked 
| 116|0x0000000430400000, 0x0000000430400000, 0x0000000430800000|  0%| F|  |TAMS 0x0000000430400000, 0x0000000430400000| Untracked 
| 117|0x0000000430800000, 0x0000000430800000, 0x0000000430c00000|  0%| F|  |TAMS 0x0000000430800000, 0x0000000430800000| Untracked 
| 118|0x0000000430c00000, 0x0000000430c00000, 0x0000000431000000|  0%| F|  |TAMS 0x0000000430c00000, 0x0000000430c00000| Untracked 
| 119|0x0000000431000000, 0x0000000431000000, 0x0000000431400000|  0%| F|  |TAMS 0x0000000431000000, 0x0000000431000000| Untracked 
| 120|0x0000000431400000, 0x0000000431400000, 0x0000000431800000|  0%| F|  |TAMS 0x0000000431400000, 0x0000000431400000| Untracked 
| 121|0x0000000431800000, 0x0000000431800000, 0x0000000431c00000|  0%| F|  |TAMS 0x0000000431800000, 0x0000000431800000| Untracked 
| 122|0x0000000431c00000, 0x0000000431c00000, 0x0000000432000000|  0%| F|  |TAMS 0x0000000431c00000, 0x0000000431c00000| Untracked 
| 123|0x0000000432000000, 0x0000000432000000, 0x0000000432400000|  0%| F|  |TAMS 0x0000000432000000, 0x0000000432000000| Untracked 
| 124|0x0000000432400000, 0x0000000432400000, 0x0000000432800000|  0%| F|  |TAMS 0x0000000432400000, 0x0000000432400000| Untracked 
| 125|0x0000000432800000, 0x0000000432800000, 0x0000000432c00000|  0%| F|  |TAMS 0x0000000432800000, 0x0000000432800000| Untracked 
| 126|0x0000000432c00000, 0x0000000432c00000, 0x0000000433000000|  0%| F|  |TAMS 0x0000000432c00000, 0x0000000432c00000| Untracked 
| 127|0x0000000433000000, 0x0000000433000000, 0x0000000433400000|  0%| F|  |TAMS 0x0000000433000000, 0x0000000433000000| Untracked 
| 128|0x0000000433400000, 0x0000000433400000, 0x0000000433800000|  0%| F|  |TAMS 0x0000000433400000, 0x0000000433400000| Untracked 
| 129|0x0000000433800000, 0x0000000433800000, 0x0000000433c00000|  0%| F|  |TAMS 0x0000000433800000, 0x0000000433800000| Untracked 
| 130|0x0000000433c00000, 0x0000000433c00000, 0x0000000434000000|  0%| F|  |TAMS 0x0000000433c00000, 0x0000000433c00000| Untracked 
| 131|0x0000000434000000, 0x0000000434000000, 0x0000000434400000|  0%| F|  |TAMS 0x0000000434000000, 0x0000000434000000| Untracked 
| 132|0x0000000434400000, 0x0000000434400000, 0x0000000434800000|  0%| F|  |TAMS 0x0000000434400000, 0x0000000434400000| Untracked 
| 133|0x0000000434800000, 0x0000000434800000, 0x0000000434c00000|  0%| F|  |TAMS 0x0000000434800000, 0x0000000434800000| Untracked 
| 134|0x0000000434c00000, 0x0000000434c00000, 0x0000000435000000|  0%| F|  |TAMS 0x0000000434c00000, 0x0000000434c00000| Untracked 
| 135|0x0000000435000000, 0x0000000435000000, 0x0000000435400000|  0%| F|  |TAMS 0x0000000435000000, 0x0000000435000000| Untracked 
| 136|0x0000000435400000, 0x0000000435400000, 0x0000000435800000|  0%| F|  |TAMS 0x0000000435400000, 0x0000000435400000| Untracked 
| 137|0x0000000435800000, 0x0000000435800000, 0x0000000435c00000|  0%| F|  |TAMS 0x0000000435800000, 0x0000000435800000| Untracked 
| 138|0x0000000435c00000, 0x0000000435c00000, 0x0000000436000000|  0%| F|  |TAMS 0x0000000435c00000, 0x0000000435c00000| Untracked 
| 139|0x0000000436000000, 0x0000000436000000, 0x0000000436400000|  0%| F|  |TAMS 0x0000000436000000, 0x0000000436000000| Untracked 
| 140|0x0000000436400000, 0x0000000436400000, 0x0000000436800000|  0%| F|  |TAMS 0x0000000436400000, 0x0000000436400000| Untracked 
| 141|0x0000000436800000, 0x0000000436800000, 0x0000000436c00000|  0%| F|  |TAMS 0x0000000436800000, 0x0000000436800000| Untracked 
| 142|0x0000000436c00000, 0x0000000436c00000, 0x0000000437000000|  0%| F|  |TAMS 0x0000000436c00000, 0x0000000436c00000| Untracked 
| 143|0x0000000437000000, 0x0000000437000000, 0x0000000437400000|  0%| F|  |TAMS 0x0000000437000000, 0x0000000437000000| Untracked 
| 144|0x0000000437400000, 0x0000000437400000, 0x0000000437800000|  0%| F|  |TAMS 0x0000000437400000, 0x0000000437400000| Untracked 
| 145|0x0000000437800000, 0x0000000437800000, 0x0000000437c00000|  0%| F|  |TAMS 0x0000000437800000, 0x0000000437800000| Untracked 
| 146|0x0000000437c00000, 0x0000000437c00000, 0x0000000438000000|  0%| F|  |TAMS 0x0000000437c00000, 0x0000000437c00000| Untracked 
| 147|0x0000000438000000, 0x0000000438000000, 0x0000000438400000|  0%| F|  |TAMS 0x0000000438000000, 0x0000000438000000| Untracked 
| 148|0x0000000438400000, 0x0000000438400000, 0x0000000438800000|  0%| F|  |TAMS 0x0000000438400000, 0x0000000438400000| Untracked 
| 149|0x0000000438800000, 0x0000000438800000, 0x0000000438c00000|  0%| F|  |TAMS 0x0000000438800000, 0x0000000438800000| Untracked 
| 150|0x0000000438c00000, 0x0000000438c00000, 0x0000000439000000|  0%| F|  |TAMS 0x0000000438c00000, 0x0000000438c00000| Untracked 
| 151|0x0000000439000000, 0x0000000439000000, 0x0000000439400000|  0%| F|  |TAMS 0x0000000439000000, 0x0000000439000000| Untracked 
| 152|0x0000000439400000, 0x0000000439400000, 0x0000000439800000|  0%| F|  |TAMS 0x0000000439400000, 0x0000000439400000| Untracked 
| 153|0x0000000439800000, 0x0000000439800000, 0x0000000439c00000|  0%| F|  |TAMS 0x0000000439800000, 0x0000000439800000| Untracked 
| 154|0x0000000439c00000, 0x0000000439c00000, 0x000000043a000000|  0%| F|  |TAMS 0x0000000439c00000, 0x0000000439c00000| Untracked 
| 155|0x000000043a000000, 0x000000043a000000, 0x000000043a400000|  0%| F|  |TAMS 0x000000043a000000, 0x000000043a000000| Untracked 
| 156|0x000000043a400000, 0x000000043a400000, 0x000000043a800000|  0%| F|  |TAMS 0x000000043a400000, 0x000000043a400000| Untracked 
| 157|0x000000043a800000, 0x000000043a800000, 0x000000043ac00000|  0%| F|  |TAMS 0x000000043a800000, 0x000000043a800000| Untracked 
| 158|0x000000043ac00000, 0x000000043ac00000, 0x000000043b000000|  0%| F|  |TAMS 0x000000043ac00000, 0x000000043ac00000| Untracked 
| 159|0x000000043b000000, 0x000000043b000000, 0x000000043b400000|  0%| F|  |TAMS 0x000000043b000000, 0x000000043b000000| Untracked 
| 160|0x000000043b400000, 0x000000043b400000, 0x000000043b800000|  0%| F|  |TAMS 0x000000043b400000, 0x000000043b400000| Untracked 
| 161|0x000000043b800000, 0x000000043b800000, 0x000000043bc00000|  0%| F|  |TAMS 0x000000043b800000, 0x000000043b800000| Untracked 
| 162|0x000000043bc00000, 0x000000043bc00000, 0x000000043c000000|  0%| F|  |TAMS 0x000000043bc00000, 0x000000043bc00000| Untracked 
| 163|0x000000043c000000, 0x000000043c000000, 0x000000043c400000|  0%| F|  |TAMS 0x000000043c000000, 0x000000043c000000| Untracked 
| 164|0x000000043c400000, 0x000000043c400000, 0x000000043c800000|  0%| F|  |TAMS 0x000000043c400000, 0x000000043c400000| Untracked 
| 165|0x000000043c800000, 0x000000043c800000, 0x000000043cc00000|  0%| F|  |TAMS 0x000000043c800000, 0x000000043c800000| Untracked 
| 166|0x000000043cc00000, 0x000000043cc00000, 0x000000043d000000|  0%| F|  |TAMS 0x000000043cc00000, 0x000000043cc00000| Untracked 
| 167|0x000000043d000000, 0x000000043d000000, 0x000000043d400000|  0%| F|  |TAMS 0x000000043d000000, 0x000000043d000000| Untracked 
| 168|0x000000043d400000, 0x000000043d400000, 0x000000043d800000|  0%| F|  |TAMS 0x000000043d400000, 0x000000043d400000| Untracked 
| 169|0x000000043d800000, 0x000000043d800000, 0x000000043dc00000|  0%| F|  |TAMS 0x000000043d800000, 0x000000043d800000| Untracked 
| 170|0x000000043dc00000, 0x000000043dc00000, 0x000000043e000000|  0%| F|  |TAMS 0x000000043dc00000, 0x000000043dc00000| Untracked 
| 171|0x000000043e000000, 0x000000043e000000, 0x000000043e400000|  0%| F|  |TAMS 0x000000043e000000, 0x000000043e000000| Untracked 
| 172|0x000000043e400000, 0x000000043e400000, 0x000000043e800000|  0%| F|  |TAMS 0x000000043e400000, 0x000000043e400000| Untracked 
| 173|0x000000043e800000, 0x000000043e800000, 0x000000043ec00000|  0%| F|  |TAMS 0x000000043e800000, 0x000000043e800000| Untracked 
| 174|0x000000043ec00000, 0x000000043ec00000, 0x000000043f000000|  0%| F|  |TAMS 0x000000043ec00000, 0x000000043ec00000| Untracked 
| 175|0x000000043f000000, 0x000000043f000000, 0x000000043f400000|  0%| F|  |TAMS 0x000000043f000000, 0x000000043f000000| Untracked 
| 176|0x000000043f400000, 0x000000043f400000, 0x000000043f800000|  0%| F|  |TAMS 0x000000043f400000, 0x000000043f400000| Untracked 
| 177|0x000000043f800000, 0x000000043f800000, 0x000000043fc00000|  0%| F|  |TAMS 0x000000043f800000, 0x000000043f800000| Untracked 
| 178|0x000000043fc00000, 0x000000043fc00000, 0x0000000440000000|  0%| F|  |TAMS 0x000000043fc00000, 0x000000043fc00000| Untracked 
| 179|0x0000000440000000, 0x0000000440000000, 0x0000000440400000|  0%| F|  |TAMS 0x0000000440000000, 0x0000000440000000| Untracked 
| 180|0x0000000440400000, 0x0000000440400000, 0x0000000440800000|  0%| F|  |TAMS 0x0000000440400000, 0x0000000440400000| Untracked 
| 181|0x0000000440800000, 0x0000000440800000, 0x0000000440c00000|  0%| F|  |TAMS 0x0000000440800000, 0x0000000440800000| Untracked 
| 182|0x0000000440c00000, 0x0000000440c00000, 0x0000000441000000|  0%| F|  |TAMS 0x0000000440c00000, 0x0000000440c00000| Untracked 
| 183|0x0000000441000000, 0x0000000441000000, 0x0000000441400000|  0%| F|  |TAMS 0x0000000441000000, 0x0000000441000000| Untracked 
| 184|0x0000000441400000, 0x0000000441400000, 0x0000000441800000|  0%| F|  |TAMS 0x0000000441400000, 0x0000000441400000| Untracked 
| 185|0x0000000441800000, 0x0000000441800000, 0x0000000441c00000|  0%| F|  |TAMS 0x0000000441800000, 0x0000000441800000| Untracked 
| 186|0x0000000441c00000, 0x0000000441c00000, 0x0000000442000000|  0%| F|  |TAMS 0x0000000441c00000, 0x0000000441c00000| Untracked 
| 187|0x0000000442000000, 0x0000000442000000, 0x0000000442400000|  0%| F|  |TAMS 0x0000000442000000, 0x0000000442000000| Untracked 
| 188|0x0000000442400000, 0x0000000442400000, 0x0000000442800000|  0%| F|  |TAMS 0x0000000442400000, 0x0000000442400000| Untracked 
| 189|0x0000000442800000, 0x0000000442800000, 0x0000000442c00000|  0%| F|  |TAMS 0x0000000442800000, 0x0000000442800000| Untracked 
| 190|0x0000000442c00000, 0x0000000442c00000, 0x0000000443000000|  0%| F|  |TAMS 0x0000000442c00000, 0x0000000442c00000| Untracked 
| 191|0x0000000443000000, 0x0000000443000000, 0x0000000443400000|  0%| F|  |TAMS 0x0000000443000000, 0x0000000443000000| Untracked 
| 192|0x0000000443400000, 0x0000000443400000, 0x0000000443800000|  0%| F|  |TAMS 0x0000000443400000, 0x0000000443400000| Untracked 
| 193|0x0000000443800000, 0x0000000443800000, 0x0000000443c00000|  0%| F|  |TAMS 0x0000000443800000, 0x0000000443800000| Untracked 
| 194|0x0000000443c00000, 0x0000000443c00000, 0x0000000444000000|  0%| F|  |TAMS 0x0000000443c00000, 0x0000000443c00000| Untracked 
| 195|0x0000000444000000, 0x0000000444000000, 0x0000000444400000|  0%| F|  |TAMS 0x0000000444000000, 0x0000000444000000| Untracked 
| 196|0x0000000444400000, 0x0000000444400000, 0x0000000444800000|  0%| F|  |TAMS 0x0000000444400000, 0x0000000444400000| Untracked 
| 197|0x0000000444800000, 0x0000000444800000, 0x0000000444c00000|  0%| F|  |TAMS 0x0000000444800000, 0x0000000444800000| Untracked 
| 198|0x0000000444c00000, 0x0000000444c00000, 0x0000000445000000|  0%| F|  |TAMS 0x0000000444c00000, 0x0000000444c00000| Untracked 
| 199|0x0000000445000000, 0x0000000445000000, 0x0000000445400000|  0%| F|  |TAMS 0x0000000445000000, 0x0000000445000000| Untracked 
| 200|0x0000000445400000, 0x0000000445400000, 0x0000000445800000|  0%| F|  |TAMS 0x0000000445400000, 0x0000000445400000| Untracked 
| 201|0x0000000445800000, 0x0000000445800000, 0x0000000445c00000|  0%| F|  |TAMS 0x0000000445800000, 0x0000000445800000| Untracked 
| 202|0x0000000445c00000, 0x0000000445c00000, 0x0000000446000000|  0%| F|  |TAMS 0x0000000445c00000, 0x0000000445c00000| Untracked 
| 203|0x0000000446000000, 0x0000000446000000, 0x0000000446400000|  0%| F|  |TAMS 0x0000000446000000, 0x0000000446000000| Untracked 
| 204|0x0000000446400000, 0x0000000446400000, 0x0000000446800000|  0%| F|  |TAMS 0x0000000446400000, 0x0000000446400000| Untracked 
| 205|0x0000000446800000, 0x0000000446800000, 0x0000000446c00000|  0%| F|  |TAMS 0x0000000446800000, 0x0000000446800000| Untracked 
| 206|0x0000000446c00000, 0x0000000446c00000, 0x0000000447000000|  0%| F|  |TAMS 0x0000000446c00000, 0x0000000446c00000| Untracked 
| 207|0x0000000447000000, 0x0000000447000000, 0x0000000447400000|  0%| F|  |TAMS 0x0000000447000000, 0x0000000447000000| Untracked 
| 208|0x0000000447400000, 0x0000000447400000, 0x0000000447800000|  0%| F|  |TAMS 0x0000000447400000, 0x0000000447400000| Untracked 
| 209|0x0000000447800000, 0x0000000447800000, 0x0000000447c00000|  0%| F|  |TAMS 0x0000000447800000, 0x0000000447800000| Untracked 
| 210|0x0000000447c00000, 0x0000000447c00000, 0x0000000448000000|  0%| F|  |TAMS 0x0000000447c00000, 0x0000000447c00000| Untracked 
| 211|0x0000000448000000, 0x0000000448000000, 0x0000000448400000|  0%| F|  |TAMS 0x0000000448000000, 0x0000000448000000| Untracked 
| 212|0x0000000448400000, 0x0000000448400000, 0x0000000448800000|  0%| F|  |TAMS 0x0000000448400000, 0x0000000448400000| Untracked 
| 213|0x0000000448800000, 0x0000000448800000, 0x0000000448c00000|  0%| F|  |TAMS 0x0000000448800000, 0x0000000448800000| Untracked 
| 214|0x0000000448c00000, 0x0000000448c00000, 0x0000000449000000|  0%| F|  |TAMS 0x0000000448c00000, 0x0000000448c00000| Untracked 
| 215|0x0000000449000000, 0x0000000449000000, 0x0000000449400000|  0%| F|  |TAMS 0x0000000449000000, 0x0000000449000000| Untracked 
| 216|0x0000000449400000, 0x0000000449400000, 0x0000000449800000|  0%| F|  |TAMS 0x0000000449400000, 0x0000000449400000| Untracked 
| 217|0x0000000449800000, 0x0000000449800000, 0x0000000449c00000|  0%| F|  |TAMS 0x0000000449800000, 0x0000000449800000| Untracked 
| 218|0x0000000449c00000, 0x0000000449c00000, 0x000000044a000000|  0%| F|  |TAMS 0x0000000449c00000, 0x0000000449c00000| Untracked 
| 219|0x000000044a000000, 0x000000044a000000, 0x000000044a400000|  0%| F|  |TAMS 0x000000044a000000, 0x000000044a000000| Untracked 
| 220|0x000000044a400000, 0x000000044a400000, 0x000000044a800000|  0%| F|  |TAMS 0x000000044a400000, 0x000000044a400000| Untracked 
| 221|0x000000044a800000, 0x000000044a800000, 0x000000044ac00000|  0%| F|  |TAMS 0x000000044a800000, 0x000000044a800000| Untracked 
| 222|0x000000044ac00000, 0x000000044ac00000, 0x000000044b000000|  0%| F|  |TAMS 0x000000044ac00000, 0x000000044ac00000| Untracked 
| 223|0x000000044b000000, 0x000000044b000000, 0x000000044b400000|  0%| F|  |TAMS 0x000000044b000000, 0x000000044b000000| Untracked 
| 224|0x000000044b400000, 0x000000044b400000, 0x000000044b800000|  0%| F|  |TAMS 0x000000044b400000, 0x000000044b400000| Untracked 
| 225|0x000000044b800000, 0x000000044b800000, 0x000000044bc00000|  0%| F|  |TAMS 0x000000044b800000, 0x000000044b800000| Untracked 
| 226|0x000000044bc00000, 0x000000044bc00000, 0x000000044c000000|  0%| F|  |TAMS 0x000000044bc00000, 0x000000044bc00000| Untracked 
| 227|0x000000044c000000, 0x000000044c000000, 0x000000044c400000|  0%| F|  |TAMS 0x000000044c000000, 0x000000044c000000| Untracked 
| 228|0x000000044c400000, 0x000000044c400000, 0x000000044c800000|  0%| F|  |TAMS 0x000000044c400000, 0x000000044c400000| Untracked 
| 229|0x000000044c800000, 0x000000044c800000, 0x000000044cc00000|  0%| F|  |TAMS 0x000000044c800000, 0x000000044c800000| Untracked 
| 230|0x000000044cc00000, 0x000000044cde9780, 0x000000044d000000| 47%| S|  |TAMS 0x000000044cc00000, 0x000000044cc00000| Complete 
| 231|0x000000044d000000, 0x000000044d400000, 0x000000044d400000|100%| S|  |TAMS 0x000000044d000000, 0x000000044d000000| Complete 
| 232|0x000000044d400000, 0x000000044d76a170, 0x000000044d800000| 85%| E|CS|TAMS 0x000000044d400000, 0x000000044d76a170| Complete 
| 233|0x000000044d800000, 0x000000044dc00000, 0x000000044dc00000|100%| E|CS|TAMS 0x000000044d800000, 0x000000044dc00000| Complete 
| 234|0x000000044dc00000, 0x000000044e000000, 0x000000044e000000|100%| S|  |TAMS 0x000000044dc00000, 0x000000044dc00000| Complete 
| 235|0x000000044e000000, 0x000000044e30b1c8, 0x000000044e400000| 76%| E|CS|TAMS 0x000000044e000000, 0x000000044e30b1c8| Complete 
| 236|0x000000044e400000, 0x000000044e800000, 0x000000044e800000|100%| E|CS|TAMS 0x000000044e400000, 0x000000044e800000| Complete 
| 237|0x000000044e800000, 0x000000044ec00000, 0x000000044ec00000|100%| E|CS|TAMS 0x000000044e800000, 0x000000044ec00000| Complete 
| 238|0x000000044ec00000, 0x000000044f000000, 0x000000044f000000|100%| E|CS|TAMS 0x000000044ec00000, 0x000000044f000000| Complete 
| 239|0x000000044f000000, 0x000000044f400000, 0x000000044f400000|100%| E|CS|TAMS 0x000000044f000000, 0x000000044f400000| Complete 
| 240|0x000000044f400000, 0x000000044f800000, 0x000000044f800000|100%| E|CS|TAMS 0x000000044f400000, 0x000000044f800000| Complete 
| 241|0x000000044f800000, 0x000000044fc00000, 0x000000044fc00000|100%| E|CS|TAMS 0x000000044f800000, 0x000000044fc00000| Complete 
| 242|0x000000044fc00000, 0x0000000450000000, 0x0000000450000000|100%| E|CS|TAMS 0x000000044fc00000, 0x0000000450000000| Complete 
| 243|0x0000000450000000, 0x0000000450400000, 0x0000000450400000|100%| E|CS|TAMS 0x0000000450000000, 0x0000000450400000| Complete 
| 244|0x0000000450400000, 0x0000000450800000, 0x0000000450800000|100%| E|CS|TAMS 0x0000000450400000, 0x0000000450800000| Complete 
| 245|0x0000000450800000, 0x0000000450c00000, 0x0000000450c00000|100%| E|CS|TAMS 0x0000000450800000, 0x0000000450c00000| Complete 
| 246|0x0000000450c00000, 0x0000000451000000, 0x0000000451000000|100%| E|CS|TAMS 0x0000000450c00000, 0x0000000451000000| Complete 
| 247|0x0000000451000000, 0x0000000451400000, 0x0000000451400000|100%| E|CS|TAMS 0x0000000451000000, 0x0000000451400000| Complete 
| 248|0x0000000451400000, 0x0000000451800000, 0x0000000451800000|100%| E|CS|TAMS 0x0000000451400000, 0x0000000451800000| Complete 
| 249|0x0000000451800000, 0x0000000451c00000, 0x0000000451c00000|100%| E|CS|TAMS 0x0000000451800000, 0x0000000451c00000| Complete 
| 250|0x0000000451c00000, 0x0000000452000000, 0x0000000452000000|100%| E|CS|TAMS 0x0000000451c00000, 0x0000000452000000| Complete 
| 251|0x0000000452000000, 0x0000000452400000, 0x0000000452400000|100%| E|CS|TAMS 0x0000000452000000, 0x0000000452400000| Complete 

Card table byte_map: [0x0000020939e00000,0x000002093bd70000] _byte_map_base: 0x0000020937d66000

Marking Bits (Prev, Next): (CMBitMap*) 0x0000020920017300, (CMBitMap*) 0x00000209200172c8
 Prev Bits: [0x000002094d810000, 0x000002095d340000)
 Next Bits: [0x000002093dce0000, 0x000002094d810000)

Polling page: 0x000002091de10000

Metaspace:

Usage:
  Non-class:     30.84 MB capacity,    30.30 MB ( 98%) used,   476.50 KB (  2%) free+waste,    77.12 KB ( <1%) overhead. 
      Class:      4.00 MB capacity,     3.66 MB ( 92%) used,   306.01 KB (  7%) free+waste,    33.81 KB ( <1%) overhead. 
       Both:     34.84 MB capacity,    33.97 MB ( 97%) used,   782.51 KB (  2%) free+waste,   110.94 KB ( <1%) overhead. 

Virtual space:
  Non-class space:       32.00 MB reserved,      30.87 MB ( 96%) committed 
      Class space:        1.00 GB reserved,       4.00 MB ( <1%) committed 
             Both:        1.03 GB reserved,      34.87 MB (  3%) committed 

Chunk freelists:
   Non-Class:  15.00 KB
       Class:  5.00 KB
        Both:  20.00 KB

MaxMetaspaceSize: 17179869184.00 GB
CompressedClassSpaceSize: 1.00 GB
Initial GC threshold: 20.80 MB
Current GC threshold: 34.87 MB
CDS: off

CodeHeap 'non-profiled nmethods': size=119168Kb used=2537Kb max_used=2537Kb free=116630Kb
 bounds [0x00000209302a0000, 0x0000020930520000, 0x0000020937700000]
CodeHeap 'profiled nmethods': size=119168Kb used=13246Kb max_used=13246Kb free=105922Kb
 bounds [0x0000020928e40000, 0x0000020929b30000, 0x00000209302a0000]
CodeHeap 'non-nmethods': size=7424Kb used=2894Kb max_used=2945Kb free=4529Kb
 bounds [0x0000020928700000, 0x00000209289f0000, 0x0000020928e40000]
 total_blobs=5935 nmethods=5459 adapters=385
 compilation: enabled
              stopped_count=0, restarted_count=0
 full_count=0

Compilation events (20 events):
Event: 5.278 Thread 0x00000209606df000 nmethod 5349 0x0000020929ac2d90 code [0x0000020929ac2fa0, 0x0000020929ac36b8]
Event: 5.279 Thread 0x000002096081a000 5354       3       com.sun.tools.javac.comp.Env::dup (10 bytes)
Event: 5.279 Thread 0x00000209606df000 5355       3       com.sun.tools.javac.comp.Attr::attribImportQualifier (45 bytes)
Event: 5.279 Thread 0x000002096081c800 nmethod 5351 0x0000020929ac3e10 code [0x0000020929ac4020, 0x0000020929ac45a8]
Event: 5.279 Thread 0x000002096081d800 5303       4       com.sun.tools.javac.code.Symtab::getClass (42 bytes)
Event: 5.279 Thread 0x000002096081c800 5352       3       com.sun.tools.javac.tree.JCTree$JCVariableDecl::getTag (4 bytes)
Event: 5.280 Thread 0x000002096081a000 nmethod 5354 0x0000020929ac4810 code [0x0000020929ac49e0, 0x0000020929ac4d38]
Event: 5.280 Thread 0x000002096081c800 nmethod 5352 0x0000020929ac4e90 code [0x0000020929ac5040, 0x0000020929ac5158]
Event: 5.280 Thread 0x000002096081a000 5358       3       com.sun.tools.javac.comp.Resolve::findGlobalType (111 bytes)
Event: 5.280 Thread 0x000002096081c800 5361       3       com.sun.tools.javac.code.Type::isErroneous (34 bytes)
Event: 5.280 Thread 0x00000209606df000 nmethod 5355 0x0000020929ac5210 code [0x0000020929ac5400, 0x0000020929ac5838]
Event: 5.281 Thread 0x00000209606df000 5360       3       com.sun.tools.javac.code.DeferredLintHandler::setPos (12 bytes)
Event: 5.281 Thread 0x00000209606df000 nmethod 5360 0x0000020929ac5a10 code [0x0000020929ac5bc0, 0x0000020929ac5d18]
Event: 5.282 Thread 0x00000209606df000 5359       3       com.sun.tools.javac.tree.JCTree$JCClassDecl::getTag (4 bytes)
Event: 5.282 Thread 0x000002096081c800 nmethod 5361 0x0000020929ac5d90 code [0x0000020929ac5f80, 0x0000020929ac6488]
Event: 5.282 Thread 0x000002096081c800 5368       3       com.sun.tools.javac.comp.Resolve::findType (512 bytes)
Event: 5.283 Thread 0x00000209606df000 nmethod 5359 0x0000020929ac6610 code [0x0000020929ac67c0, 0x0000020929ac68d8]
Event: 5.283 Thread 0x00000209606df000 5366       3       com.sun.tools.javac.util.Iterators$CompoundIterator::update (56 bytes)
Event: 5.284 Thread 0x000002096081a000 nmethod 5358 0x0000020929ac6990 code [0x0000020929ac6c20, 0x0000020929ac77e8]
Event: 5.284 Thread 0x000002096081a000 5362       3       java.lang.invoke.DirectMethodHandle$Holder::invokeStatic (22 bytes)

GC Heap History (6 events):
Event: 1.154 GC heap before
{Heap before GC invocations=0 (full 0):
 garbage-first heap   total 1032192K, used 49152K [0x0000000413400000, 0x0000000800000000)
  region size 4096K, 12 young (49152K), 0 survivors (0K)
 Metaspace       used 14569K, capacity 14796K, committed 14976K, reserved 1062912K
  class space    used 1490K, capacity 1591K, committed 1664K, reserved 1048576K
}
Event: 1.160 GC heap after
{Heap after GC invocations=1 (full 0):
 garbage-first heap   total 1032192K, used 4055K [0x0000000413400000, 0x0000000800000000)
  region size 4096K, 1 young (4096K), 1 survivors (4096K)
 Metaspace       used 14569K, capacity 14796K, committed 14976K, reserved 1062912K
  class space    used 1490K, capacity 1591K, committed 1664K, reserved 1048576K
}
Event: 2.126 GC heap before
{Heap before GC invocations=1 (full 0):
 garbage-first heap   total 1032192K, used 57303K [0x0000000413400000, 0x0000000800000000)
  region size 4096K, 15 young (61440K), 1 survivors (4096K)
 Metaspace       used 20806K, capacity 21141K, committed 21296K, reserved 1069056K
  class space    used 2278K, capacity 2402K, committed 2432K, reserved 1048576K
}
Event: 2.138 GC heap after
{Heap after GC invocations=2 (full 0):
 garbage-first heap   total 1032192K, used 6586K [0x0000000413400000, 0x0000000800000000)
  region size 4096K, 2 young (8192K), 2 survivors (8192K)
 Metaspace       used 20806K, capacity 21141K, committed 21296K, reserved 1069056K
  class space    used 2278K, capacity 2402K, committed 2432K, reserved 1048576K
}
Event: 3.862 GC heap before
{Heap before GC invocations=3 (full 0):
 garbage-first heap   total 1032192K, used 72122K [0x0000000413400000, 0x0000000800000000)
  region size 4096K, 18 young (73728K), 2 survivors (8192K)
 Metaspace       used 26242K, capacity 26892K, committed 27056K, reserved 1073152K
  class space    used 2808K, capacity 3063K, committed 3072K, reserved 1048576K
}
Event: 3.870 GC heap after
{Heap after GC invocations=4 (full 0):
 garbage-first heap   total 1032192K, used 11272K [0x0000000413400000, 0x0000000800000000)
  region size 4096K, 2 young (8192K), 2 survivors (8192K)
 Metaspace       used 26242K, capacity 26892K, committed 27056K, reserved 1073152K
  class space    used 2808K, capacity 3063K, committed 3072K, reserved 1048576K
}

Deoptimization events (20 events):
Event: 4.863 Thread 0x000002091ff53000 Uncommon trap: trap_request=0xffffff4d fr.pc=0x00000209304e0d20 relative=0x0000000000000b20
Event: 4.863 Thread 0x000002091ff53000 Uncommon trap: reason=unstable_if action=reinterpret pc=0x00000209304e0d20 method=com.sun.tools.javac.util.Name$Table.equals([BI[BII)Z @ 22 c2
Event: 4.863 Thread 0x000002091ff53000 DEOPT PACKING pc=0x00000209304e0d20 sp=0x0000001244afc720
Event: 4.863 Thread 0x000002091ff53000 DEOPT UNPACKING pc=0x000002092874a1af sp=0x0000001244afc648 mode 2
Event: 4.863 Thread 0x000002091ff53000 Uncommon trap: trap_request=0xffffff4d fr.pc=0x00000209304cae38 relative=0x0000000000000218
Event: 4.863 Thread 0x000002091ff53000 Uncommon trap: reason=unstable_if action=reinterpret pc=0x00000209304cae38 method=com.sun.tools.javac.util.Name$Table.equals([BI[BII)Z @ 22 c2
Event: 4.863 Thread 0x000002091ff53000 DEOPT PACKING pc=0x00000209304cae38 sp=0x0000001244afc400
Event: 4.863 Thread 0x000002091ff53000 DEOPT UNPACKING pc=0x000002092874a1af sp=0x0000001244afc3a0 mode 2
Event: 4.891 Thread 0x000002091ff53000 Uncommon trap: trap_request=0xffffff4d fr.pc=0x00000209304a3144 relative=0x00000000000003c4
Event: 4.891 Thread 0x000002091ff53000 Uncommon trap: reason=unstable_if action=reinterpret pc=0x00000209304a3144 method=sun.nio.fs.WindowsPathParser.nextNonSlash(Ljava/lang/String;II)I @ 2 c2
Event: 4.891 Thread 0x000002091ff53000 DEOPT PACKING pc=0x00000209304a3144 sp=0x0000001244afc720
Event: 4.891 Thread 0x000002091ff53000 DEOPT UNPACKING pc=0x000002092874a1af sp=0x0000001244afc690 mode 2
Event: 5.048 Thread 0x000002091ff53000 DEOPT PACKING pc=0x000002092994ad7f sp=0x0000001244afc530
Event: 5.048 Thread 0x000002091ff53000 DEOPT UNPACKING pc=0x000002092874a95e sp=0x0000001244afb9d8 mode 0
Event: 5.057 Thread 0x000002091ff53000 Uncommon trap: trap_request=0xffffff4d fr.pc=0x00000209304eb4ec relative=0x0000000000000cec
Event: 5.057 Thread 0x000002091ff53000 Uncommon trap: reason=unstable_if action=reinterpret pc=0x00000209304eb4ec method=com.sun.tools.javac.util.Name$Table.equals([BI[BII)Z @ 22 c2
Event: 5.058 Thread 0x000002091ff53000 DEOPT PACKING pc=0x00000209304eb4ec sp=0x0000001244afbb10
Event: 5.058 Thread 0x000002091ff53000 DEOPT UNPACKING pc=0x000002092874a1af sp=0x0000001244afb9b0 mode 2
Event: 5.058 Thread 0x000002091ff53000 DEOPT PACKING pc=0x000002092994ad7f sp=0x0000001244afba50
Event: 5.058 Thread 0x000002091ff53000 DEOPT UNPACKING pc=0x000002092874a95e sp=0x0000001244afaef8 mode 0

Classes redefined (0 events):
No events

Internal exceptions (20 events):
Event: 5.002 Thread 0x000002091ff53000 Exception <a 'sun/nio/fs/WindowsException'{0x0000000450228ec0}> (0x0000000450228ec0) thrown at [s\src\hotspot\share\prims\jni.cpp, line 617]
Event: 5.002 Thread 0x000002091ff53000 Exception <a 'sun/nio/fs/WindowsException'{0x0000000450229160}> (0x0000000450229160) thrown at [s\src\hotspot\share\prims\jni.cpp, line 617]
Event: 5.002 Thread 0x000002091ff53000 Exception <a 'sun/nio/fs/WindowsException'{0x000000045022a5d8}> (0x000000045022a5d8) thrown at [s\src\hotspot\share\prims\jni.cpp, line 617]
Event: 5.002 Thread 0x000002091ff53000 Exception <a 'sun/nio/fs/WindowsException'{0x000000045022a908}> (0x000000045022a908) thrown at [s\src\hotspot\share\prims\jni.cpp, line 617]
Event: 5.119 Thread 0x000002091ff53000 Exception <a 'sun/nio/fs/WindowsException'{0x000000044f5a8d98}> (0x000000044f5a8d98) thrown at [s\src\hotspot\share\prims\jni.cpp, line 617]
Event: 5.119 Thread 0x000002091ff53000 Exception <a 'sun/nio/fs/WindowsException'{0x000000044f5a9048}> (0x000000044f5a9048) thrown at [s\src\hotspot\share\prims\jni.cpp, line 617]
Event: 5.120 Thread 0x000002091ff53000 Exception <a 'sun/nio/fs/WindowsException'{0x000000044f5aa950}> (0x000000044f5aa950) thrown at [s\src\hotspot\share\prims\jni.cpp, line 617]
Event: 5.120 Thread 0x000002091ff53000 Exception <a 'sun/nio/fs/WindowsException'{0x000000044f5aabb0}> (0x000000044f5aabb0) thrown at [s\src\hotspot\share\prims\jni.cpp, line 617]
Event: 5.120 Thread 0x000002091ff53000 Exception <a 'sun/nio/fs/WindowsException'{0x000000044f5ac650}> (0x000000044f5ac650) thrown at [s\src\hotspot\share\prims\jni.cpp, line 617]
Event: 5.120 Thread 0x000002091ff53000 Exception <a 'sun/nio/fs/WindowsException'{0x000000044f5ac8f0}> (0x000000044f5ac8f0) thrown at [s\src\hotspot\share\prims\jni.cpp, line 617]
Event: 5.121 Thread 0x000002091ff53000 Exception <a 'sun/nio/fs/WindowsException'{0x000000044f5ae2c0}> (0x000000044f5ae2c0) thrown at [s\src\hotspot\share\prims\jni.cpp, line 617]
Event: 5.121 Thread 0x000002091ff53000 Exception <a 'sun/nio/fs/WindowsException'{0x000000044f5ae5f0}> (0x000000044f5ae5f0) thrown at [s\src\hotspot\share\prims\jni.cpp, line 617]
Event: 5.260 Thread 0x000002091ff53000 Exception <a 'sun/nio/fs/WindowsException'{0x000000044e92b3a8}> (0x000000044e92b3a8) thrown at [s\src\hotspot\share\prims\jni.cpp, line 617]
Event: 5.260 Thread 0x000002091ff53000 Exception <a 'sun/nio/fs/WindowsException'{0x000000044e92b6b8}> (0x000000044e92b6b8) thrown at [s\src\hotspot\share\prims\jni.cpp, line 617]
Event: 5.261 Thread 0x000002091ff53000 Exception <a 'sun/nio/fs/WindowsException'{0x000000044e92d088}> (0x000000044e92d088) thrown at [s\src\hotspot\share\prims\jni.cpp, line 617]
Event: 5.261 Thread 0x000002091ff53000 Exception <a 'sun/nio/fs/WindowsException'{0x000000044e92d348}> (0x000000044e92d348) thrown at [s\src\hotspot\share\prims\jni.cpp, line 617]
Event: 5.262 Thread 0x000002091ff53000 Exception <a 'sun/nio/fs/WindowsException'{0x000000044e92eee0}> (0x000000044e92eee0) thrown at [s\src\hotspot\share\prims\jni.cpp, line 617]
Event: 5.262 Thread 0x000002091ff53000 Exception <a 'sun/nio/fs/WindowsException'{0x000000044e92f1e0}> (0x000000044e92f1e0) thrown at [s\src\hotspot\share\prims\jni.cpp, line 617]
Event: 5.263 Thread 0x000002091ff53000 Exception <a 'sun/nio/fs/WindowsException'{0x000000044e930c20}> (0x000000044e930c20) thrown at [s\src\hotspot\share\prims\jni.cpp, line 617]
Event: 5.263 Thread 0x000002091ff53000 Exception <a 'sun/nio/fs/WindowsException'{0x000000044e930fb0}> (0x000000044e930fb0) thrown at [s\src\hotspot\share\prims\jni.cpp, line 617]

Events (20 events):
Event: 5.165 loading class com/sun/tools/javac/code/Types$TypeMapping
Event: 5.165 loading class com/sun/tools/javac/code/Types$TypeMapping done
Event: 5.170 loading class com/sun/tools/javac/comp/Env
Event: 5.170 loading class com/sun/tools/javac/comp/Env done
Event: 5.170 loading class com/sun/tools/javac/code/TypeAnnotations
Event: 5.170 loading class com/sun/tools/javac/code/TypeAnnotations done
Event: 5.172 loading class com/sun/tools/javac/comp/Env
Event: 5.172 loading class com/sun/tools/javac/comp/Env done
Event: 5.172 loading class com/sun/tools/javac/code/TypeAnnotations
Event: 5.172 loading class com/sun/tools/javac/code/TypeAnnotations done
Event: 5.232 loading class com/sun/tools/javac/code/Symbol
Event: 5.232 loading class com/sun/tools/javac/code/Symbol done
Event: 5.232 loading class com/sun/tools/javac/comp/Annotate
Event: 5.232 loading class com/sun/tools/javac/comp/Annotate done
Event: 5.233 loading class com/sun/tools/javac/comp/Env
Event: 5.233 loading class com/sun/tools/javac/comp/Env done
Event: 5.234 loading class com/sun/tools/javac/comp/Annotate
Event: 5.234 loading class com/sun/tools/javac/comp/Annotate done
Event: 5.257 Executing VM operation: ICBufferFull
Event: 5.257 Executing VM operation: ICBufferFull done


Dynamic libraries:
0x00007ff7ba170000 - 0x00007ff7ba17e000 	C:\Users\apapapet\.sdkman\candidates\java\11.0.27-tem\bin\java.exe
0x00007ffe26bc0000 - 0x00007ffe26e28000 	C:\WINDOWS\SYSTEM32\ntdll.dll
0x00007ffe25f70000 - 0x00007ffe26039000 	C:\WINDOWS\System32\KERNEL32.DLL
0x00007ffe23d10000 - 0x00007ffe240fd000 	C:\WINDOWS\System32\KERNELBASE.dll
0x00007ffe244a0000 - 0x00007ffe245eb000 	C:\WINDOWS\System32\ucrtbase.dll
0x00007ffe14230000 - 0x00007ffe14247000 	C:\Users\apapapet\.sdkman\candidates\java\11.0.27-tem\bin\jli.dll
0x00007ffe0e8e0000 - 0x00007ffe0e8fe000 	C:\Users\apapapet\.sdkman\candidates\java\11.0.27-tem\bin\VCRUNTIME140.dll
0x00007ffe24b10000 - 0x00007ffe24cdc000 	C:\WINDOWS\System32\USER32.dll
0x00007ffe0dc80000 - 0x00007ffe0df1a000 	C:\WINDOWS\WinSxS\amd64_microsoft.windows.common-controls_6595b64144ccf1df_6.0.26100.4484_none_3e0e6d4ce32ef3b3\COMCTL32.dll
0x00007ffe24470000 - 0x00007ffe24497000 	C:\WINDOWS\System32\win32u.dll
0x00007ffe25cc0000 - 0x00007ffe25ceb000 	C:\WINDOWS\System32\GDI32.dll
0x00007ffe26ad0000 - 0x00007ffe26b79000 	C:\WINDOWS\System32\msvcrt.dll
0x00007ffe24770000 - 0x00007ffe248a7000 	C:\WINDOWS\System32\gdi32full.dll
0x00007ffe248b0000 - 0x00007ffe24953000 	C:\WINDOWS\System32\msvcp_win.dll
0x00007ffe26920000 - 0x00007ffe2694f000 	C:\WINDOWS\System32\IMM32.DLL
0x00007ffe1e390000 - 0x00007ffe1e39c000 	C:\Users\apapapet\.sdkman\candidates\java\11.0.27-tem\bin\vcruntime140_1.dll
0x00007ffdfbdc0000 - 0x00007ffdfbe4d000 	C:\Users\apapapet\.sdkman\candidates\java\11.0.27-tem\bin\msvcp140.dll
0x00007ffd6b750000 - 0x00007ffd6c313000 	C:\Users\apapapet\.sdkman\candidates\java\11.0.27-tem\bin\server\jvm.dll
0x00007ffe25070000 - 0x00007ffe25124000 	C:\WINDOWS\System32\ADVAPI32.dll
0x00007ffe254c0000 - 0x00007ffe25566000 	C:\WINDOWS\System32\sechost.dll
0x00007ffe249f0000 - 0x00007ffe24b08000 	C:\WINDOWS\System32\RPCRT4.dll
0x00007ffe25cf0000 - 0x00007ffe25d64000 	C:\WINDOWS\System32\WS2_32.dll
0x00007ffe25df0000 - 0x00007ffe25df8000 	C:\WINDOWS\System32\PSAPI.DLL
0x00007ffe1c190000 - 0x00007ffe1c19b000 	C:\WINDOWS\SYSTEM32\VERSION.dll
0x00007ffe1c150000 - 0x00007ffe1c185000 	C:\WINDOWS\SYSTEM32\WINMM.dll
0x00007ffe22940000 - 0x00007ffe2295b000 	C:\WINDOWS\SYSTEM32\kernel.appcore.dll
0x00007ffe1e1c0000 - 0x00007ffe1e1d0000 	C:\Users\apapapet\.sdkman\candidates\java\11.0.27-tem\bin\verify.dll
0x00007ffe21130000 - 0x00007ffe21371000 	C:\WINDOWS\SYSTEM32\DBGHELP.DLL
0x00007ffe24ce0000 - 0x00007ffe25066000 	C:\WINDOWS\System32\combase.dll
0x00007ffe26830000 - 0x00007ffe26910000 	C:\WINDOWS\System32\OLEAUT32.dll
0x00007ffe09ef0000 - 0x00007ffe09f33000 	C:\WINDOWS\SYSTEM32\dbgcore.DLL
0x00007ffe24310000 - 0x00007ffe243a9000 	C:\WINDOWS\System32\bcryptPrimitives.dll
0x00007ffdfe990000 - 0x00007ffdfe9b8000 	C:\Users\apapapet\.sdkman\candidates\java\11.0.27-tem\bin\java.dll
0x00007ffe195f0000 - 0x00007ffe195fa000 	C:\Users\apapapet\.sdkman\candidates\java\11.0.27-tem\bin\jimage.dll
0x00007ffe0e390000 - 0x00007ffe0e3a8000 	C:\Users\apapapet\.sdkman\candidates\java\11.0.27-tem\bin\zip.dll
0x00007ffe25570000 - 0x00007ffe25cba000 	C:\WINDOWS\System32\SHELL32.dll
0x00007ffe24190000 - 0x00007ffe24304000 	C:\WINDOWS\System32\wintypes.dll
0x00007ffe215d0000 - 0x00007ffe21e2b000 	C:\WINDOWS\SYSTEM32\windows.storage.dll
0x00007ffe26200000 - 0x00007ffe262f5000 	C:\WINDOWS\System32\SHCORE.dll
0x00007ffe269e0000 - 0x00007ffe26a4a000 	C:\WINDOWS\System32\shlwapi.dll
0x00007ffe23c20000 - 0x00007ffe23c4f000 	C:\WINDOWS\SYSTEM32\profapi.dll
0x00007ffe0df20000 - 0x00007ffe0df39000 	C:\Users\apapapet\.sdkman\candidates\java\11.0.27-tem\bin\net.dll
0x00007ffe22960000 - 0x00007ffe22a7e000 	C:\WINDOWS\SYSTEM32\WINHTTP.dll
0x00007ffe22fe0000 - 0x00007ffe2304a000 	C:\WINDOWS\system32\mswsock.dll
0x00007ffdfc3d0000 - 0x00007ffdfc3e3000 	C:\Users\apapapet\.sdkman\candidates\java\11.0.27-tem\bin\nio.dll
0x00007ffe1df70000 - 0x00007ffe1df94000 	C:\Users\apapapet\.sdkman\candidates\maven\current\lib\jansi-native\Windows\x86_64\jansi.dll

dbghelp: loaded successfully - version: 4.0.5 - missing functions: none
symbol engine: initialized successfully - sym options: 0x614 - pdb path: .;C:\Users\apapapet\.sdkman\candidates\java\11.0.27-tem\bin;C:\WINDOWS\SYSTEM32;C:\WINDOWS\WinSxS\amd64_microsoft.windows.common-controls_6595b64144ccf1df_6.0.26100.4484_none_3e0e6d4ce32ef3b3;C:\Users\apapapet\.sdkman\candidates\java\11.0.27-tem\bin\server;C:\Users\apapapet\.sdkman\candidates\maven\current\lib\jansi-native\Windows\x86_64

VM Arguments:
jvm_args: -Dclassworlds.conf=C:/Users/apapapet/.sdkman/candidates/maven/current/bin/m2.conf -Dmaven.home=C:/Users/apapapet/.sdkman/candidates/maven/current -Dlibrary.jansi.path=C:/Users/apapapet/.sdkman/candidates/maven/current/lib/jansi-native -Dmaven.multiModuleProjectDirectory=C:/Users/apapapet/Projects/personal/funcky 
java_command: org.codehaus.plexus.classworlds.launcher.Launcher clean verify -DskipTests
java_class_path (initial): C:/Users/apapapet/.sdkman/candidates/maven/current/boot/plexus-classworlds-2.9.0.jar
Launcher Type: SUN_STANDARD

[Global flags]
     intx CICompilerCount                          = 12                                        {product} {ergonomic}
     uint ConcGCThreads                            = 3                                         {product} {ergonomic}
     uint G1ConcRefinementThreads                  = 13                                        {product} {ergonomic}
   size_t G1HeapRegionSize                         = 4194304                                   {product} {ergonomic}
    uintx GCDrainStackTargetSize                   = 64                                        {product} {ergonomic}
   size_t InitialHeapSize                          = 1056964608                                {product} {ergonomic}
   size_t MarkStackSize                            = 4194304                                   {product} {ergonomic}
   size_t MaxHeapSize                              = 16856907776                               {product} {ergonomic}
   size_t MaxNewSize                               = 10112466944                               {product} {ergonomic}
   size_t MinHeapDeltaBytes                        = 4194304                                   {product} {ergonomic}
    uintx NonNMethodCodeHeapSize                   = 7594288                                {pd product} {ergonomic}
    uintx NonProfiledCodeHeapSize                  = 122031976                              {pd product} {ergonomic}
    uintx ProfiledCodeHeapSize                     = 122031976                              {pd product} {ergonomic}
    uintx ReservedCodeCacheSize                    = 251658240                              {pd product} {ergonomic}
     bool SegmentedCodeCache                       = true                                      {product} {ergonomic}
     bool UseCompressedClassPointers               = true                                 {lp64_product} {ergonomic}
     bool UseCompressedOops                        = true                                 {lp64_product} {ergonomic}
     bool UseG1GC                                  = true                                      {product} {ergonomic}
     bool UseLargePagesIndividualAllocation        = false                                  {pd product} {ergonomic}

Logging:
Log output configuration:
 #0: stdout all=warning uptime,level,tags
 #1: stderr all=off uptime,level,tags

Environment Variables:
JAVA_HOME=C:/Users/apapapet/.sdkman/candidates/java/11.0.27-tem
PATH=C:\Users\apapapet\.sdkman\candidates\maven\current\bin;C:\Users\apapapet\.sdkman\candidates\groovy\current\bin;C:\Users\apapapet\bin;C:\Program Files\Git\mingw64\bin;C:\Program Files\Git\usr\local\bin;C:\Program Files\Git\usr\bin;C:\Program Files\Git\usr\bin;C:\Program Files\Git\mingw64\bin;C:\Program Files\Git\usr\bin;C:\Users\apapapet\bin;C:\WINDOWS\system32;C:\WINDOWS;C:\WINDOWS\System32\Wbem;C:\WINDOWS\System32\WindowsPowerShell\v1.0;C:\WINDOWS\System32\OpenSSH;%NVM_HOME%;%NVM_SYMLINK%;C:\Program Files\Git\cmd;C:\Program Files\Rancher Desktop\resources\resources\win32\bin;C:\Program Files\Rancher Desktop\resources\resources\win32\docker-cli-plugins;C:\Program Files\Rancher Desktop\resources\resources\linux\bin;C:\Program Files\Rancher Desktop\resources\resources\linux\docker-cli-plugins;C:\WINDOWS\system32;C:\WINDOWS;C:\WINDOWS\System32\Wbem;C:\WINDOWS\System32\WindowsPowerShell\v1.0;C:\WINDOWS\System32\OpenSSH;C:\Program Files\Git\cmd;C:\Program Files\Docker\Docker\resources\bin;C:\Users\apapapet\AppData\Local\Microsoft\WindowsApps;C:\Users\apapapet\.sdkman\candidates\java\11.0.27-tem\bin;C:\Users\apapapet\AppData\Roaming\nvm;C:\Program Files\nodejs;C:\Users\apapapet\AppData\Local\Microsoft\WindowsApps;C:\Program Files\Git\usr\bin\vendor_perl;C:\Program Files\Git\usr\bin\core_perl
USERNAME=apapapet
SHELL=C:\Program Files\Git\usr\bin\bash.exe
DISPLAY=needs-to-be-defined
LC_CTYPE=en_US.UTF-8
TERM=xterm
TMPDIR=C:\Users\apapapet\AppData\Local\Temp
OS=Windows_NT
PROCESSOR_IDENTIFIER=AMD64 Family 25 Model 80 Stepping 0, AuthenticAMD
TMP=C:\Users\apapapet\AppData\Local\Temp
TEMP=C:\Users\apapapet\AppData\Local\Temp



---------------  S Y S T E M  ---------------

OS: Windows 11 , 64 bit Build 26100 (10.0.26100.4484)
OS uptime: 11 days 7:58 hours
Hyper-V role detected

CPU:total 16 (initial active 16) (16 cores per cpu, 2 threads per core) family 25 model 80 stepping 0 microcode 0xa500014, cmov, cx8, fxsr, mmx, sse, sse2, sse3, ssse3, sse4.1, sse4.2, popcnt, avx, avx2, aes, clmul, erms, mmxext, 3dnowpref, lzcnt, sse4a, ht, tsc, tscinvbit, tscinv, bmi1, bmi2, adx, sha, fma

Memory: 4k page, system-wide physical 64302M (38616M free)
TotalPageFile size 73518M (AvailPageFile size 44212M)
current process WorkingSet (physical memory assigned to process): 266M, peak: 266M
current process commit charge ("private bytes"): 1239M, peak: 1241M

vm_info: OpenJDK 64-Bit Server VM (11.0.27+6) for windows-amd64 JRE (11.0.27+6), built on Apr 16 2025 02:24:08 by "" with MS VC++ 17.7 (VS2022)

END.
