#
# A fatal error has been detected by the Java Runtime Environment:
#
#  EXCEPTION_ACCESS_VIOLATION (0xc0000005) at pc=0x00007ffe7b46e0b0, pid=19384, tid=804
#
# JRE version: OpenJDK Runtime Environment Temurin-21.0.8+9 (21.0.8+9) (build 21.0.8+9-LTS)
# Java VM: OpenJDK 64-Bit Server VM Temurin-21.0.8+9 (21.0.8+9-LTS, mixed mode, sharing, tiered, compressed oops, compressed class ptrs, g1 gc, windows-amd64)
# Problematic frame:
# V  [jvm.dll+0x3be0b0]
#
# No core dump will be written. Minidumps are not enabled by default on client versions of Windows
#
# If you would like to submit a bug report, please visit:
#   https://github.com/adoptium/adoptium-support/issues
#

---------------  S U M M A R Y ------------

Command Line: --add-opens=java.base/java.lang=ALL-UNNAMED --enable-native-access=ALL-UNNAMED -Dclassworlds.conf=C:/Users/apapapet/.sdkman/candidates/maven/current/bin/m2.conf -Dmaven.home=C:/Users/apapapet/.sdkman/candidates/maven/current -Dlibrary.jansi.path=C:/Users/apapapet/.sdkman/candidates/maven/current/lib/jansi-native -Dmaven.multiModuleProjectDirectory=C:/Users/apapapet/Projects/personal/funcky org.codehaus.plexus.classworlds.launcher.Launcher clean verify

Host: AMD Ryzen 7 PRO 5875U with Radeon Graphics     , 16 cores, 62G,  Windows 11 , 64 bit Build 26100 (10.0.26100.6725)
Time: Mon Jan 12 12:27:00 2026 GTB Standard Time elapsed time: 9.033910 seconds (0d 0h 0m 9s)

---------------  T H R E A D  ---------------

Current thread (0x0000024fb51f17a0):  JavaThread "C2 CompilerThread5" daemon [_thread_in_native, id=804, stack(0x000000d05ae00000,0x000000d05af00000) (1024K)]


Current CompileTask:
C2:9034 9226   !   4       java.lang.ClassLoader::loadClass (121 bytes)

Stack: [0x000000d05ae00000,0x000000d05af00000],  sp=0x000000d05aefce40,  free space=1011k
Native frames: (J=compiled Java code, j=interpreted, Vv=VM code, C=native code)
V  [jvm.dll+0x3be0b0]
V  [jvm.dll+0x3b7548]
V  [jvm.dll+0x1e125a]
V  [jvm.dll+0x249022]
V  [jvm.dll+0x2484af]
V  [jvm.dll+0x1c89ee]
V  [jvm.dll+0x257d4d]
V  [jvm.dll+0x2562ea]
V  [jvm.dll+0x3f2d16]
V  [jvm.dll+0x857e6b]
V  [jvm.dll+0x6d0b0d]
C  [ucrtbase.dll+0x37b0]
C  [KERNEL32.DLL+0x2e8d7]
C  [ntdll.dll+0x8c53c]


siginfo: EXCEPTION_ACCESS_VIOLATION (0xc0000005), reading address 0xffffffffffffffff


Registers:
RAX=0x0000000000000000, RBX=0x000000000000004b, RCX=0x0000000000000000, RDX=0xd4e656840f12c6e9
RSP=0x000000d05aefce40, RBP=0x00007ffe7bd4d500, RSI=0x0000000000000036, RDI=0x000000d05aefce90
R8 =0x0000000000003500, R9 =0x0000000000000004, R10=0x0000024fbcb615d8, R11=0x0000000000000001
R12=0x0000000000000001, R13=0x0000000000000000, R14=0x000000d05aefcfc0, R15=0x0000000000002700
RIP=0x00007ffe7b46e0b0, EFLAGS=0x0000000000010246

XMM[0]=0x0000000000000000 0x0000000000000000
XMM[1]=0x0000000000000000 0x0000000000000000
XMM[2]=0x0000000000000000 0x0000000000000000
XMM[3]=0x0000000000000000 0x0000000000000000
XMM[4]=0x0000000000000000 0x0000000000000000
XMM[5]=0x0000000000000000 0x0000000000000000
XMM[6]=0x0000000000000000 0x0000000000000000
XMM[7]=0x0000000000000000 0x0000000000000000
XMM[8]=0x0000000000000000 0x0000000000000000
XMM[9]=0x0000000000000000 0x0000000000000000
XMM[10]=0x0000000000000000 0x0000000000000000
XMM[11]=0x0000000000000000 0x0000000000000000
XMM[12]=0x0000000000000000 0x0000000000000000
XMM[13]=0x0000000000000000 0x0000000000000000
XMM[14]=0x0000000000000000 0x0000000000000000
XMM[15]=0x0000000000000000 0x0000000000000000
  MXCSR=0x00001fa0


Register to memory mapping:

RAX=0x0 is null
RBX=0x000000000000004b is an unknown value
RCX=0x0 is null
RDX=0xd4e656840f12c6e9 is an unknown value
RSP=0x000000d05aefce40 is pointing into the stack for thread: 0x0000024fb51f17a0
RBP=0x00007ffe7bd4d500 jvm.dll
RSI=0x0000000000000036 is an unknown value
RDI=0x000000d05aefce90 is pointing into the stack for thread: 0x0000024fb51f17a0
R8 =0x0000000000003500 is an unknown value
R9 =0x0000000000000004 is an unknown value
R10=0x0000024fbcb615d8 points into unknown readable memory: 0x0000000000000000 | 00 00 00 00 00 00 00 00
R11=0x0000000000000001 is an unknown value
R12=0x0000000000000001 is an unknown value
R13=0x0 is null
R14=0x000000d05aefcfc0 is pointing into the stack for thread: 0x0000024fb51f17a0
R15=0x0000000000002700 is an unknown value

Top of Stack: (sp=0x000000d05aefce40)
0x000000d05aefce40:   000000000000621a 00007ffe7b46e204
0x000000d05aefce50:   0000024fbe9248c0 0000024fb442f600
0x000000d05aefce60:   0000000000000038 00007ffe7b467548
0x000000d05aefce70:   0000000000002700 0000000000000002
0x000000d05aefce80:   0000000000000036 000000d05aefcfc0
0x000000d05aefce90:   0000000000000000 0000000100003538
0x000000d05aefcea0:   0000006200000036 d4e656840f12c6e9
0x000000d05aefceb0:   0000024fbd93e788 0000024fbcecc050
0x000000d05aefcec0:   0000024fb5f290b0 0000000000000000
0x000000d05aefced0:   0000024fb5f290a0 000000d05aefd440
0x000000d05aefcee0:   0000000000000001 00007ffe7b29125a
0x000000d05aefcef0:   000000d05aefd360 000000d05aefcff0
0x000000d05aefcf00:   0000024fb5f29488 0000024fb5f290a0
0x000000d05aefcf10:   0000024f6a46f400 0000000000000070
0x000000d05aefcf20:   00007fff202b8807 0000024fb5f290a0
0x000000d05aefcf30:   0000024fb4beaf10 0000024fb4bebbe0
0x000000d05aefcf40:   0000024fb4bf2ef8 00000000029ddbc8
0x000000d05aefcf50:   0000024fb5f290b0 00007fff20190139
0x000000d05aefcf60:   0000000000010000 0000000000000000
0x000000d05aefcf70:   000000000000000e 0000000000000000
0x000000d05aefcf80:   0000000000014f10 00007ffe7bab51e0
0x000000d05aefcf90:   0000000000000000 000000d05aefe840
0x000000d05aefcfa0:   0000000000000000 00007ffe7bab51e0
0x000000d05aefcfb0:   0000024fb442f600 00007ffe7b1757ee
0x000000d05aefcfc0:   000000000000000c 000000d05aefe840
0x000000d05aefcfd0:   0000024fbcd46050 0000024fb442f601
0x000000d05aefcfe0:   0000024fbf55a050 0000024f0000621c
0x000000d05aefcff0:   000000d05aefcf20 0000024fb5f290b0
0x000000d05aefd000:   00007ffe7bab51b0 000000000000000d
0x000000d05aefd010:   000000d05aefe840 000000d05aefd360
0x000000d05aefd020:   0000024f0000682f 0000024fb442f6c0
0x000000d05aefd030:   000000000000000a 000000d05aefe840 

Instructions: (pc=0x00007ffe7b46e0b0)
0x00007ffe7b46dfb0:   48 8b 8e d8 08 00 00 48 85 c9 75 0c e8 2f 09 00
0x00007ffe7b46dfc0:   00 48 8b 8e d8 08 00 00 48 8b 01 0f 57 c0 48 89
0x00007ffe7b46dfd0:   86 d8 08 00 00 0f 11 01 0f 11 41 10 0f 10 45 00
0x00007ffe7b46dfe0:   0f 11 01 0f 10 4d 10 0f 11 49 10 48 8b 43 08 49
0x00007ffe7b46dff0:   89 0c 06 48 8d 0d 06 f5 8d 00 ff c7 ba 70 00 00
0x00007ffe7b46e000:   00 3b bb 90 00 00 00 0f 82 63 ff ff ff 4c 8b 74
0x00007ffe7b46e010:   24 60 4c 8b 64 24 58 48 8b 6c 24 50 48 8b c3 48
0x00007ffe7b46e020:   83 c4 20 41 5f 41 5d 5f 5e 5b c3 cc cc cc cc cc
0x00007ffe7b46e030:   48 89 74 24 18 57 48 83 ec 20 8b 51 0c 48 8b f9
0x00007ffe7b46e040:   83 fa 04 73 29 48 8b 49 18 0f 1f 80 00 00 00 00
0x00007ffe7b46e050:   8b c2 44 8d 4a 01 48 83 3c c1 00 4c 8d 14 c1 0f
0x00007ffe7b46e060:   85 91 00 00 00 41 8b d1 41 83 f9 04 72 e2 48 89
0x00007ffe7b46e070:   5c 24 30 8b 5f 10 48 89 6c 24 38 3b 5f 14 73 5f
0x00007ffe7b46e080:   48 8d 2d 79 f4 8d 00 66 0f 1f 84 00 00 00 00 00
0x00007ffe7b46e090:   48 8b 47 20 8b cb 48 8b 14 c8 48 3b d5 74 39 33
0x00007ffe7b46e0a0:   c0 48 89 57 18 33 c9 66 0f 1f 84 00 00 00 00 00
0x00007ffe7b46e0b0:   48 83 3c 11 00 44 8d 48 01 75 78 48 83 c1 08 41
0x00007ffe7b46e0c0:   8b c1 41 83 f9 04 72 e8 48 8b 4f 28 48 85 c9 74
0x00007ffe7b46e0d0:   07 8b d3 e8 58 01 00 00 ff c3 3b 5f 14 72 b1 33
0x00007ffe7b46e0e0:   c0 48 8b 5c 24 30 48 8b 6c 24 38 48 8b 74 24 40
0x00007ffe7b46e0f0:   48 83 c4 20 5f c3 8b 47 10 48 8b 74 24 40 44 8d
0x00007ffe7b46e100:   04 82 41 c1 e0 06 41 81 c0 00 ff ff ff 44 89 47
0x00007ffe7b46e110:   08 49 8b 12 48 0f bc c2 44 89 4f 0c 8b c8 48 d3
0x00007ffe7b46e120:   ea 48 ff ca 41 03 c0 48 89 17 89 47 08 48 83 c4
0x00007ffe7b46e130:   20 5f c3 8b c8 44 8d 04 98 41 c1 e0 06 8d 43 01
0x00007ffe7b46e140:   44 89 47 08 48 8b 14 ca 89 47 10 48 0f bc c2 44
0x00007ffe7b46e150:   89 4f 0c 8b c8 48 d3 ea 48 ff ca 41 03 c0 48 89
0x00007ffe7b46e160:   17 89 47 08 e9 78 ff ff ff cc cc cc cc cc cc cc
0x00007ffe7b46e170:   40 53 48 83 ec 20 65 48 8b 04 25 58 00 00 00 8b
0x00007ffe7b46e180:   0d 63 73 92 00 48 8b 1c c8 b8 70 00 00 00 80 3c
0x00007ffe7b46e190:   18 00 75 05 e8 97 ed 58 00 b8 20 00 00 00 48 8b
0x00007ffe7b46e1a0:   04 18 48 8b 88 60 06 00 00 48 8b 99 80 00 00 00 


Stack slot to memory mapping:

stack at sp + 0 slots: 0x000000000000621a is an unknown value
stack at sp + 1 slots: 0x00007ffe7b46e204 jvm.dll
stack at sp + 2 slots: 0x0000024fbe9248c0 points into unknown readable memory: 0x0000000000000000 | 00 00 00 00 00 00 00 00
stack at sp + 3 slots: 0x0000024fb442f600 points into unknown readable memory: 0xf0e0d0c00000000b | 0b 00 00 00 c0 d0 e0 f0
stack at sp + 4 slots: 0x0000000000000038 is an unknown value
stack at sp + 5 slots: 0x00007ffe7b467548 jvm.dll
stack at sp + 6 slots: 0x0000000000002700 is an unknown value
stack at sp + 7 slots: 0x0000000000000002 is an unknown value


---------------  P R O C E S S  ---------------

Threads class SMR info:
_java_thread_list=0x0000024fb5570630, length=37, elements={
0x0000024f3c5193b0, 0x0000024f6a49f5a0, 0x0000024f6a4a0f10, 0x0000024f6a4a5160,
0x0000024f6a4aa1f0, 0x0000024f6a4aadf0, 0x0000024f6a4b46b0, 0x0000024f6a4c1640,
0x0000024f6a4b7e00, 0x0000024f6d3c9f90, 0x0000024f6d509420, 0x0000024f6d50caa0,
0x0000024f6d968160, 0x0000024f6d96a9b0, 0x0000024fb4aaa1a0, 0x0000024fb51ee120,
0x0000024fb51f0330, 0x0000024fb51f0a00, 0x0000024fb51ee7f0, 0x0000024fb51f17a0,
0x0000024fb583f420, 0x0000024fb583cb40, 0x0000024fb51c6f70, 0x0000024f6d5854f0,
0x0000024f6d94c2d0, 0x0000024fb3feff20, 0x0000024fb6ebd010, 0x0000024fb48db700,
0x0000024fb4b20d70, 0x0000024fb565e0c0, 0x0000024fb565ede0, 0x0000024fb565cd10,
0x0000024fb565e750, 0x0000024fb5660190, 0x0000024fb565da30, 0x0000024fb565f470,
0x0000024fb565fb00
}

Java Threads: ( => current thread )
  0x0000024f3c5193b0 JavaThread "main"                              [_thread_in_Java, id=22384, stack(0x000000d058600000,0x000000d058700000) (1024K)]
  0x0000024f6a49f5a0 JavaThread "Reference Handler"          daemon [_thread_blocked, id=11572, stack(0x000000d058e00000,0x000000d058f00000) (1024K)]
  0x0000024f6a4a0f10 JavaThread "Finalizer"                  daemon [_thread_blocked, id=27480, stack(0x000000d058f00000,0x000000d059000000) (1024K)]
  0x0000024f6a4a5160 JavaThread "Signal Dispatcher"          daemon [_thread_blocked, id=26200, stack(0x000000d059000000,0x000000d059100000) (1024K)]
  0x0000024f6a4aa1f0 JavaThread "Attach Listener"            daemon [_thread_blocked, id=18364, stack(0x000000d059100000,0x000000d059200000) (1024K)]
  0x0000024f6a4aadf0 JavaThread "Service Thread"             daemon [_thread_blocked, id=5156, stack(0x000000d059200000,0x000000d059300000) (1024K)]
  0x0000024f6a4b46b0 JavaThread "Monitor Deflation Thread"   daemon [_thread_blocked, id=24440, stack(0x000000d059300000,0x000000d059400000) (1024K)]
  0x0000024f6a4c1640 JavaThread "C2 CompilerThread0"         daemon [_thread_in_native, id=20148, stack(0x000000d059400000,0x000000d059500000) (1024K)]
  0x0000024f6a4b7e00 JavaThread "C1 CompilerThread0"         daemon [_thread_blocked, id=7660, stack(0x000000d059500000,0x000000d059600000) (1024K)]
  0x0000024f6d3c9f90 JavaThread "C1 CompilerThread1"         daemon [_thread_blocked, id=4072, stack(0x000000d059600000,0x000000d059700000) (1024K)]
  0x0000024f6d509420 JavaThread "Common-Cleaner"             daemon [_thread_blocked, id=27620, stack(0x000000d059700000,0x000000d059800000) (1024K)]
  0x0000024f6d50caa0 JavaThread "Notification Thread"        daemon [_thread_blocked, id=4056, stack(0x000000d059800000,0x000000d059900000) (1024K)]
  0x0000024f6d968160 JavaThread "C1 CompilerThread2"         daemon [_thread_blocked, id=16288, stack(0x000000d059a00000,0x000000d059b00000) (1024K)]
  0x0000024f6d96a9b0 JavaThread "C1 CompilerThread3"         daemon [_thread_blocked, id=13340, stack(0x000000d059b00000,0x000000d059c00000) (1024K)]
  0x0000024fb4aaa1a0 JavaThread "Thread-1"                   daemon [_thread_blocked, id=5868, stack(0x000000d05a100000,0x000000d05a200000) (1024K)]
  0x0000024fb51ee120 JavaThread "C2 CompilerThread1"         daemon [_thread_in_native, id=16984, stack(0x000000d059900000,0x000000d059a00000) (1024K)]
  0x0000024fb51f0330 JavaThread "C2 CompilerThread2"         daemon [_thread_in_native, id=31028, stack(0x000000d059c00000,0x000000d059d00000) (1024K)]
  0x0000024fb51f0a00 JavaThread "C2 CompilerThread3"         daemon [_thread_in_native, id=29064, stack(0x000000d059f00000,0x000000d05a000000) (1024K)]
  0x0000024fb51ee7f0 JavaThread "C2 CompilerThread4"         daemon [_thread_in_native, id=30032, stack(0x000000d05a000000,0x000000d05a100000) (1024K)]
=>0x0000024fb51f17a0 JavaThread "C2 CompilerThread5"         daemon [_thread_in_native, id=804, stack(0x000000d05ae00000,0x000000d05af00000) (1024K)]
  0x0000024fb583f420 JavaThread "C2 CompilerThread6"         daemon [_thread_in_native, id=19996, stack(0x000000d05af00000,0x000000d05b000000) (1024K)]
  0x0000024fb583cb40 JavaThread "C2 CompilerThread7"         daemon [_thread_in_native, id=29876, stack(0x000000d05b000000,0x000000d05b100000) (1024K)]
  0x0000024fb51c6f70 JavaThread "ForkJoinPool.commonPool-worker-1" daemon [_thread_blocked, id=21408, stack(0x000000d05b100000,0x000000d05b200000) (1024K)]
  0x0000024f6d5854f0 JavaThread "ForkJoinPool.commonPool-worker-2" daemon [_thread_blocked, id=17024, stack(0x000000d05b200000,0x000000d05b300000) (1024K)]
  0x0000024f6d94c2d0 JavaThread "ForkJoinPool.commonPool-worker-3" daemon [_thread_blocked, id=27984, stack(0x000000d05b300000,0x000000d05b400000) (1024K)]
  0x0000024fb3feff20 JavaThread "ForkJoinPool.commonPool-worker-4" daemon [_thread_blocked, id=28444, stack(0x000000d05b400000,0x000000d05b500000) (1024K)]
  0x0000024fb6ebd010 JavaThread "ForkJoinPool.commonPool-worker-5" daemon [_thread_blocked, id=9644, stack(0x000000d05b500000,0x000000d05b600000) (1024K)]
  0x0000024fb48db700 JavaThread "ForkJoinPool.commonPool-worker-6" daemon [_thread_blocked, id=21880, stack(0x000000d05b600000,0x000000d05b700000) (1024K)]
  0x0000024fb4b20d70 JavaThread "ForkJoinPool.commonPool-worker-7" daemon [_thread_blocked, id=20640, stack(0x000000d05b700000,0x000000d05b800000) (1024K)]
  0x0000024fb565e0c0 JavaThread "ForkJoinPool.commonPool-worker-9" daemon [_thread_blocked, id=9932, stack(0x000000d05b800000,0x000000d05b900000) (1024K)]
  0x0000024fb565ede0 JavaThread "ForkJoinPool.commonPool-worker-8" daemon [_thread_blocked, id=31532, stack(0x000000d05b900000,0x000000d05ba00000) (1024K)]
  0x0000024fb565cd10 JavaThread "ForkJoinPool.commonPool-worker-10" daemon [_thread_blocked, id=22212, stack(0x000000d05ba00000,0x000000d05bb00000) (1024K)]
  0x0000024fb565e750 JavaThread "ForkJoinPool.commonPool-worker-11" daemon [_thread_blocked, id=22000, stack(0x000000d05bb00000,0x000000d05bc00000) (1024K)]
  0x0000024fb5660190 JavaThread "ForkJoinPool.commonPool-worker-13" daemon [_thread_blocked, id=4724, stack(0x000000d05bc00000,0x000000d05bd00000) (1024K)]
  0x0000024fb565da30 JavaThread "ForkJoinPool.commonPool-worker-12" daemon [_thread_blocked, id=20328, stack(0x000000d05bd00000,0x000000d05be00000) (1024K)]
  0x0000024fb565f470 JavaThread "ForkJoinPool.commonPool-worker-14" daemon [_thread_blocked, id=29656, stack(0x000000d05be00000,0x000000d05bf00000) (1024K)]
  0x0000024fb565fb00 JavaThread "ForkJoinPool.commonPool-worker-15" daemon [_thread_blocked, id=29900, stack(0x000000d05bf00000,0x000000d05c000000) (1024K)]
Total: 37

Other Threads:
  0x0000024f6a481ab0 VMThread "VM Thread"                           [id=5976, stack(0x000000d058d00000,0x000000d058e00000) (1024K)]
  0x0000024f6d321180 WatcherThread "VM Periodic Task Thread"        [id=2080, stack(0x000000d058c00000,0x000000d058d00000) (1024K)]
  0x0000024f3e906a00 WorkerThread "GC Thread#0"                     [id=23564, stack(0x000000d058700000,0x000000d058800000) (1024K)]
  0x0000024fb3e263f0 WorkerThread "GC Thread#1"                     [id=29332, stack(0x000000d05a200000,0x000000d05a300000) (1024K)]
  0x0000024fb3e26790 WorkerThread "GC Thread#2"                     [id=3680, stack(0x000000d05a300000,0x000000d05a400000) (1024K)]
  0x0000024fb3e26b30 WorkerThread "GC Thread#3"                     [id=9648, stack(0x000000d05a400000,0x000000d05a500000) (1024K)]
  0x0000024fb3e26ed0 WorkerThread "GC Thread#4"                     [id=27740, stack(0x000000d05a500000,0x000000d05a600000) (1024K)]
  0x0000024fb3e27270 WorkerThread "GC Thread#5"                     [id=24532, stack(0x000000d05a600000,0x000000d05a700000) (1024K)]
  0x0000024fb4152a00 WorkerThread "GC Thread#6"                     [id=14472, stack(0x000000d05a700000,0x000000d05a800000) (1024K)]
  0x0000024fb4152da0 WorkerThread "GC Thread#7"                     [id=30848, stack(0x000000d05a800000,0x000000d05a900000) (1024K)]
  0x0000024fb4e2b610 WorkerThread "GC Thread#8"                     [id=26536, stack(0x000000d05a900000,0x000000d05aa00000) (1024K)]
  0x0000024fb4e2ab30 WorkerThread "GC Thread#9"                     [id=23696, stack(0x000000d05aa00000,0x000000d05ab00000) (1024K)]
  0x0000024fb4e2a3f0 WorkerThread "GC Thread#10"                    [id=3420, stack(0x000000d05ab00000,0x000000d05ac00000) (1024K)]
  0x0000024fb4e2a790 WorkerThread "GC Thread#11"                    [id=29344, stack(0x000000d05ac00000,0x000000d05ad00000) (1024K)]
  0x0000024fb4e2bd50 WorkerThread "GC Thread#12"                    [id=18312, stack(0x000000d05ad00000,0x000000d05ae00000) (1024K)]
  0x0000024f3e917330 ConcurrentGCThread "G1 Main Marker"            [id=27016, stack(0x000000d058800000,0x000000d058900000) (1024K)]
  0x0000024f3e919cc0 WorkerThread "G1 Conc#0"                       [id=2884, stack(0x000000d058900000,0x000000d058a00000) (1024K)]
  0x0000024fb355e5a0 WorkerThread "G1 Conc#1"                       [id=22468, stack(0x000000d059d00000,0x000000d059e00000) (1024K)]
  0x0000024fb3560d80 WorkerThread "G1 Conc#2"                       [id=28196, stack(0x000000d059e00000,0x000000d059f00000) (1024K)]
  0x0000024f6a3c0700 ConcurrentGCThread "G1 Refine#0"               [id=29160, stack(0x000000d058a00000,0x000000d058b00000) (1024K)]
  0x0000024f6a3c1180 ConcurrentGCThread "G1 Service"                [id=22720, stack(0x000000d058b00000,0x000000d058c00000) (1024K)]
Total: 21

Threads with active compile tasks:
C2 CompilerThread0  9117 9611       4       groovyjarjarantlr4.v4.runtime.atn.ArrayPredictionContext::getParent (7 bytes)
C1 CompilerThread3  9117 11174       3       org.codehaus.groovy.classgen.VariableScopeVisitor::checkPropertyOnExplicitThis (90 bytes)
C2 CompilerThread1  9117 11151       4       org.codehaus.groovy.control.ResolveVisitor::transform (192 bytes)
C2 CompilerThread2  9118 11116   !   4       jdk.internal.loader.BuiltinClassLoader$2::run (114 bytes)
C2 CompilerThread3  9118 11170       4       org.codehaus.groovy.control.ResolveVisitor$ConstructedNestedClass::<init> (52 bytes)
C2 CompilerThread4  9118 11136       4       org.codehaus.groovy.control.ResolveVisitor::resolve (286 bytes)
C2 CompilerThread5  9118 9226   !   4       java.lang.ClassLoader::loadClass (121 bytes)
C2 CompilerThread6  9118 10593       4       groovyjarjarantlr4.v4.runtime.BufferedTokenStream::fetch (89 bytes)
C2 CompilerThread7  9118 9604       4       groovyjarjarantlr4.v4.runtime.atn.PredictionContext::join (549 bytes)
Total: 9

VM state: not at safepoint (normal execution)

VM Mutex/Monitor currently owned by a thread: None

Heap address: 0x0000000413000000, size: 16080 MB, Compressed Oops mode: Zero based, Oop shift amount: 3

CDS archive(s) mapped at: [0x0000024f6e000000-0x0000024f6ec80000-0x0000024f6ec80000), size 13107200, SharedBaseAddress: 0x0000024f6e000000, ArchiveRelocationMode: 1.
Compressed class space mapped at: 0x0000024f6f000000-0x0000024faf000000, reserved size: 1073741824
Narrow klass base: 0x0000024f6e000000, Narrow klass shift: 0, Narrow klass range: 0x100000000

GC Precious Log:
 CardTable entry size: 512
 Card Set container configuration: InlinePtr #cards 4 size 8 Array Of Cards #cards 64 size 144 Howl #buckets 8 coarsen threshold 14745 Howl Bitmap #cards 2048 size 272 coarsen threshold 1843 Card regions per heap region 1 cards per card region 16384
 CPUs: 16 total, 16 available
 Memory: 64302M
 Large Page Support: Disabled
 NUMA Support: Disabled
 Compressed Oops: Enabled (Zero based)
 Heap Region Size: 8M
 Heap Min Capacity: 8M
 Heap Initial Capacity: 1008M
 Heap Max Capacity: 16080M
 Pre-touch: Disabled
 Parallel Workers: 13
 Concurrent Workers: 3
 Concurrent Refinement Workers: 13
 Periodic GC: Disabled

Heap:
 garbage-first heap   total 573440K, used 216762K [0x0000000413000000, 0x0000000800000000)
  region size 8192K, 24 young (196608K), 1 survivors (8192K)
 Metaspace       used 41503K, committed 42048K, reserved 1114112K
  class space    used 4845K, committed 5056K, reserved 1048576K

Heap Regions: E=young(eden), S=young(survivor), O=old, HS=humongous(starts), HC=humongous(continues), CS=collection set, F=free, TAMS=top-at-mark-start, PB=parsable bottom
|   0|0x0000000413000000, 0x0000000413628a18, 0x0000000413800000| 76%| O|  |TAMS 0x0000000413000000| PB 0x0000000413000000| Untracked 
|   1|0x0000000413800000, 0x0000000414000000, 0x0000000414000000|100%| O|  |TAMS 0x0000000413800000| PB 0x0000000413800000| Untracked 
|   2|0x0000000414000000, 0x0000000414800000, 0x0000000414800000|100%| O|  |TAMS 0x0000000414000000| PB 0x0000000414000000| Untracked 
|   3|0x0000000414800000, 0x0000000415000000, 0x0000000415000000|100%| O|  |TAMS 0x0000000414800000| PB 0x0000000414800000| Untracked 
|   4|0x0000000415000000, 0x0000000415000000, 0x0000000415800000|  0%| F|  |TAMS 0x0000000415000000| PB 0x0000000415000000| Untracked 
|   5|0x0000000415800000, 0x0000000415d85e70, 0x0000000416000000| 69%| S|CS|TAMS 0x0000000415800000| PB 0x0000000415800000| Complete 
|   6|0x0000000416000000, 0x0000000416000000, 0x0000000416800000|  0%| F|  |TAMS 0x0000000416000000| PB 0x0000000416000000| Untracked 
|   7|0x0000000416800000, 0x0000000416800000, 0x0000000417000000|  0%| F|  |TAMS 0x0000000416800000| PB 0x0000000416800000| Untracked 
|   8|0x0000000417000000, 0x0000000417000000, 0x0000000417800000|  0%| F|  |TAMS 0x0000000417000000| PB 0x0000000417000000| Untracked 
|   9|0x0000000417800000, 0x0000000417800000, 0x0000000418000000|  0%| F|  |TAMS 0x0000000417800000| PB 0x0000000417800000| Untracked 
|  10|0x0000000418000000, 0x0000000418000000, 0x0000000418800000|  0%| F|  |TAMS 0x0000000418000000| PB 0x0000000418000000| Untracked 
|  11|0x0000000418800000, 0x0000000418800000, 0x0000000419000000|  0%| F|  |TAMS 0x0000000418800000| PB 0x0000000418800000| Untracked 
|  12|0x0000000419000000, 0x0000000419000000, 0x0000000419800000|  0%| F|  |TAMS 0x0000000419000000| PB 0x0000000419000000| Untracked 
|  13|0x0000000419800000, 0x0000000419800000, 0x000000041a000000|  0%| F|  |TAMS 0x0000000419800000| PB 0x0000000419800000| Untracked 
|  14|0x000000041a000000, 0x000000041a000000, 0x000000041a800000|  0%| F|  |TAMS 0x000000041a000000| PB 0x000000041a000000| Untracked 
|  15|0x000000041a800000, 0x000000041a800000, 0x000000041b000000|  0%| F|  |TAMS 0x000000041a800000| PB 0x000000041a800000| Untracked 
|  16|0x000000041b000000, 0x000000041b000000, 0x000000041b800000|  0%| F|  |TAMS 0x000000041b000000| PB 0x000000041b000000| Untracked 
|  17|0x000000041b800000, 0x000000041b800000, 0x000000041c000000|  0%| F|  |TAMS 0x000000041b800000| PB 0x000000041b800000| Untracked 
|  18|0x000000041c000000, 0x000000041c000000, 0x000000041c800000|  0%| F|  |TAMS 0x000000041c000000| PB 0x000000041c000000| Untracked 
|  19|0x000000041c800000, 0x000000041c800000, 0x000000041d000000|  0%| F|  |TAMS 0x000000041c800000| PB 0x000000041c800000| Untracked 
|  20|0x000000041d000000, 0x000000041d000000, 0x000000041d800000|  0%| F|  |TAMS 0x000000041d000000| PB 0x000000041d000000| Untracked 
|  21|0x000000041d800000, 0x000000041d800000, 0x000000041e000000|  0%| F|  |TAMS 0x000000041d800000| PB 0x000000041d800000| Untracked 
|  22|0x000000041e000000, 0x000000041e000000, 0x000000041e800000|  0%| F|  |TAMS 0x000000041e000000| PB 0x000000041e000000| Untracked 
|  23|0x000000041e800000, 0x000000041e800000, 0x000000041f000000|  0%| F|  |TAMS 0x000000041e800000| PB 0x000000041e800000| Untracked 
|  24|0x000000041f000000, 0x000000041f000000, 0x000000041f800000|  0%| F|  |TAMS 0x000000041f000000| PB 0x000000041f000000| Untracked 
|  25|0x000000041f800000, 0x000000041f800000, 0x0000000420000000|  0%| F|  |TAMS 0x000000041f800000| PB 0x000000041f800000| Untracked 
|  26|0x0000000420000000, 0x0000000420000000, 0x0000000420800000|  0%| F|  |TAMS 0x0000000420000000| PB 0x0000000420000000| Untracked 
|  27|0x0000000420800000, 0x0000000420800000, 0x0000000421000000|  0%| F|  |TAMS 0x0000000420800000| PB 0x0000000420800000| Untracked 
|  28|0x0000000421000000, 0x0000000421000000, 0x0000000421800000|  0%| F|  |TAMS 0x0000000421000000| PB 0x0000000421000000| Untracked 
|  29|0x0000000421800000, 0x0000000421800000, 0x0000000422000000|  0%| F|  |TAMS 0x0000000421800000| PB 0x0000000421800000| Untracked 
|  30|0x0000000422000000, 0x0000000422000000, 0x0000000422800000|  0%| F|  |TAMS 0x0000000422000000| PB 0x0000000422000000| Untracked 
|  31|0x0000000422800000, 0x0000000422800000, 0x0000000423000000|  0%| F|  |TAMS 0x0000000422800000| PB 0x0000000422800000| Untracked 
|  32|0x0000000423000000, 0x0000000423000000, 0x0000000423800000|  0%| F|  |TAMS 0x0000000423000000| PB 0x0000000423000000| Untracked 
|  33|0x0000000423800000, 0x0000000423800000, 0x0000000424000000|  0%| F|  |TAMS 0x0000000423800000| PB 0x0000000423800000| Untracked 
|  34|0x0000000424000000, 0x0000000424000000, 0x0000000424800000|  0%| F|  |TAMS 0x0000000424000000| PB 0x0000000424000000| Untracked 
|  35|0x0000000424800000, 0x0000000424800000, 0x0000000425000000|  0%| F|  |TAMS 0x0000000424800000| PB 0x0000000424800000| Untracked 
|  36|0x0000000425000000, 0x0000000425000000, 0x0000000425800000|  0%| F|  |TAMS 0x0000000425000000| PB 0x0000000425000000| Untracked 
|  37|0x0000000425800000, 0x0000000425800000, 0x0000000426000000|  0%| F|  |TAMS 0x0000000425800000| PB 0x0000000425800000| Untracked 
|  38|0x0000000426000000, 0x0000000426000000, 0x0000000426800000|  0%| F|  |TAMS 0x0000000426000000| PB 0x0000000426000000| Untracked 
|  39|0x0000000426800000, 0x0000000426800000, 0x0000000427000000|  0%| F|  |TAMS 0x0000000426800000| PB 0x0000000426800000| Untracked 
|  40|0x0000000427000000, 0x0000000427000000, 0x0000000427800000|  0%| F|  |TAMS 0x0000000427000000| PB 0x0000000427000000| Untracked 
|  41|0x0000000427800000, 0x0000000427800000, 0x0000000428000000|  0%| F|  |TAMS 0x0000000427800000| PB 0x0000000427800000| Untracked 
|  42|0x0000000428000000, 0x0000000428000000, 0x0000000428800000|  0%| F|  |TAMS 0x0000000428000000| PB 0x0000000428000000| Untracked 
|  43|0x0000000428800000, 0x0000000428800000, 0x0000000429000000|  0%| F|  |TAMS 0x0000000428800000| PB 0x0000000428800000| Untracked 
|  44|0x0000000429000000, 0x0000000429000000, 0x0000000429800000|  0%| F|  |TAMS 0x0000000429000000| PB 0x0000000429000000| Untracked 
|  45|0x0000000429800000, 0x0000000429800000, 0x000000042a000000|  0%| F|  |TAMS 0x0000000429800000| PB 0x0000000429800000| Untracked 
|  46|0x000000042a000000, 0x000000042a000000, 0x000000042a800000|  0%| F|  |TAMS 0x000000042a000000| PB 0x000000042a000000| Untracked 
|  47|0x000000042a800000, 0x000000042aa4cec8, 0x000000042b000000| 28%| E|  |TAMS 0x000000042a800000| PB 0x000000042a800000| Complete 
|  48|0x000000042b000000, 0x000000042b800000, 0x000000042b800000|100%| E|CS|TAMS 0x000000042b000000| PB 0x000000042b000000| Complete 
|  49|0x000000042b800000, 0x000000042c000000, 0x000000042c000000|100%| E|CS|TAMS 0x000000042b800000| PB 0x000000042b800000| Complete 
|  50|0x000000042c000000, 0x000000042c800000, 0x000000042c800000|100%| E|CS|TAMS 0x000000042c000000| PB 0x000000042c000000| Complete 
|  51|0x000000042c800000, 0x000000042d000000, 0x000000042d000000|100%| E|CS|TAMS 0x000000042c800000| PB 0x000000042c800000| Complete 
|  52|0x000000042d000000, 0x000000042d800000, 0x000000042d800000|100%| E|CS|TAMS 0x000000042d000000| PB 0x000000042d000000| Complete 
|  53|0x000000042d800000, 0x000000042e000000, 0x000000042e000000|100%| E|CS|TAMS 0x000000042d800000| PB 0x000000042d800000| Complete 
|  54|0x000000042e000000, 0x000000042e800000, 0x000000042e800000|100%| E|CS|TAMS 0x000000042e000000| PB 0x000000042e000000| Complete 
|  55|0x000000042e800000, 0x000000042f000000, 0x000000042f000000|100%| E|CS|TAMS 0x000000042e800000| PB 0x000000042e800000| Complete 
|  56|0x000000042f000000, 0x000000042f800000, 0x000000042f800000|100%| E|CS|TAMS 0x000000042f000000| PB 0x000000042f000000| Complete 
|  57|0x000000042f800000, 0x0000000430000000, 0x0000000430000000|100%| E|CS|TAMS 0x000000042f800000| PB 0x000000042f800000| Complete 
|  58|0x0000000430000000, 0x0000000430800000, 0x0000000430800000|100%| E|CS|TAMS 0x0000000430000000| PB 0x0000000430000000| Complete 
|  59|0x0000000430800000, 0x0000000431000000, 0x0000000431000000|100%| E|CS|TAMS 0x0000000430800000| PB 0x0000000430800000| Complete 
|  60|0x0000000431000000, 0x0000000431800000, 0x0000000431800000|100%| E|CS|TAMS 0x0000000431000000| PB 0x0000000431000000| Complete 
|  61|0x0000000431800000, 0x0000000432000000, 0x0000000432000000|100%| E|CS|TAMS 0x0000000431800000| PB 0x0000000431800000| Complete 
|  62|0x0000000432000000, 0x0000000432800000, 0x0000000432800000|100%| E|CS|TAMS 0x0000000432000000| PB 0x0000000432000000| Complete 
|  63|0x0000000432800000, 0x0000000433000000, 0x0000000433000000|100%| E|CS|TAMS 0x0000000432800000| PB 0x0000000432800000| Complete 
|  64|0x0000000433000000, 0x0000000433800000, 0x0000000433800000|100%| E|CS|TAMS 0x0000000433000000| PB 0x0000000433000000| Complete 
|  65|0x0000000433800000, 0x0000000434000000, 0x0000000434000000|100%| E|CS|TAMS 0x0000000433800000| PB 0x0000000433800000| Complete 
|  66|0x0000000434000000, 0x0000000434800000, 0x0000000434800000|100%| E|CS|TAMS 0x0000000434000000| PB 0x0000000434000000| Complete 
| 114|0x000000044c000000, 0x000000044c800000, 0x000000044c800000|100%| E|CS|TAMS 0x000000044c000000| PB 0x000000044c000000| Complete 
| 115|0x000000044c800000, 0x000000044d000000, 0x000000044d000000|100%| E|CS|TAMS 0x000000044c800000| PB 0x000000044c800000| Complete 
| 125|0x0000000451800000, 0x0000000452000000, 0x0000000452000000|100%| E|CS|TAMS 0x0000000451800000| PB 0x0000000451800000| Complete 

Card table byte_map: [0x0000024f58750000,0x0000024f5a6c0000] _byte_map_base: 0x0000024f566b8000

Marking Bits: (CMBitMap*) 0x0000024f3e906f10
 Bits: [0x0000024f5a6c0000, 0x0000024f6a200000)

Polling page: 0x0000024f3c850000

Metaspace:

Usage:
  Non-class:     35.80 MB used.
      Class:      4.73 MB used.
       Both:     40.53 MB used.

Virtual space:
  Non-class space:       64.00 MB reserved,      36.12 MB ( 56%) committed,  1 nodes.
      Class space:        1.00 GB reserved,       4.94 MB ( <1%) committed,  1 nodes.
             Both:        1.06 GB reserved,      41.06 MB (  4%) committed. 

Chunk freelists:
   Non-Class:  11.59 MB
       Class:  10.89 MB
        Both:  22.48 MB

MaxMetaspaceSize: unlimited
CompressedClassSpaceSize: 1.00 GB
Initial GC threshold: 21.00 MB
Current GC threshold: 59.81 MB
CDS: on
 - commit_granule_bytes: 65536.
 - commit_granule_words: 8192.
 - virtual_space_node_default_size: 8388608.
 - enlarge_chunks_in_place: 1.
 - use_allocation_guard: 0.


Internal statistics:

num_allocs_failed_limit: 6.
num_arena_births: 408.
num_arena_deaths: 0.
num_vsnodes_births: 2.
num_vsnodes_deaths: 0.
num_space_committed: 657.
num_space_uncommitted: 0.
num_chunks_returned_to_freelist: 6.
num_chunks_taken_from_freelist: 1843.
num_chunk_merges: 6.
num_chunk_splits: 1383.
num_chunks_enlarged: 1122.
num_inconsistent_stats: 0.

CodeHeap 'non-profiled nmethods': size=119168Kb used=6692Kb max_used=6692Kb free=112476Kb
 bounds [0x0000024f4eb00000, 0x0000024f4f190000, 0x0000024f55f60000]
CodeHeap 'profiled nmethods': size=119104Kb used=24697Kb max_used=24697Kb free=94406Kb
 bounds [0x0000024f46f60000, 0x0000024f48780000, 0x0000024f4e3b0000]
CodeHeap 'non-nmethods': size=7488Kb used=3590Kb max_used=3686Kb free=3897Kb
 bounds [0x0000024f4e3b0000, 0x0000024f4e760000, 0x0000024f4eb00000]
CodeCache: size=245760Kb, used=34979Kb, max_used=35075Kb, free=210779Kb
 total_blobs=11104, nmethods=10425, adapters=579, full_count=0
Compilation: enabled, stopped_count=0, restarted_count=0

Compilation events (20 events):
Event: 9.004 Thread 0x0000024f6a4b7e00 nmethod 11106 0x0000024f48749790 code [0x0000024f48749960, 0x0000024f48749b90]
Event: 9.004 Thread 0x0000024f6d3c9f90 11107       1       org.codehaus.groovy.ast.ModuleNode::getStaticStarImports (5 bytes)
Event: 9.004 Thread 0x0000024f6d3c9f90 nmethod 11107 0x0000024f4f15ba90 code [0x0000024f4f15bc20, 0x0000024f4f15bcf0]
Event: 9.005 Thread 0x0000024f6d968160 nmethod 11098 0x0000024f48749c90 code [0x0000024f4874a200, 0x0000024f4874e028]
Event: 9.006 Thread 0x0000024fb51f0330 nmethod 10604 0x0000024f4f15bd90 code [0x0000024f4f15bf20, 0x0000024f4f15c2b0]
Event: 9.007 Thread 0x0000024fb51f0330 11070       4       org.codehaus.groovy.ast.MethodNode::isAbstract (17 bytes)
Event: 9.007 Thread 0x0000024f6d96a9b0 11108       3       org.codehaus.groovy.control.ResolveVisitor$ConstructedClassWithPackage::<init> (42 bytes)
Event: 9.008 Thread 0x0000024f6d3c9f90 11109       2       org.codehaus.groovy.ast.DynamicVariable::getOriginType (5 bytes)
Event: 9.008 Thread 0x0000024f6d96a9b0 nmethod 11108 0x0000024f4874ef90 code [0x0000024f4874f1c0, 0x0000024f4874f7d8]
Event: 9.008 Thread 0x0000024f6d3c9f90 nmethod 11109 0x0000024f4874fa10 code [0x0000024f4874fbc0, 0x0000024f4874fd40]
Event: 9.008 Thread 0x0000024fb51f0330 nmethod 11070 0x0000024f4f15c390 code [0x0000024f4f15c520, 0x0000024f4f15c5d0]
Event: 9.009 Thread 0x0000024fb51f0330 10962       4       groovyjarjarasm.asm.ClassReader::readUtf (44 bytes)
Event: 9.011 Thread 0x0000024f6d3c9f90 11111       3       org.codehaus.groovy.control.ResolveVisitor$ConstructedNestedClass::hasPackageName (21 bytes)
Event: 9.012 Thread 0x0000024f6d3c9f90 nmethod 11111 0x0000024f4874fe90 code [0x0000024f487500c0, 0x0000024f48750ab0]
Event: 9.014 Thread 0x0000024fb51f0330 nmethod 10962 0x0000024f4f15c690 code [0x0000024f4f15c840, 0x0000024f4f15cb68]
Event: 9.014 Thread 0x0000024fb51f0330 10960       4       java.lang.StringLatin1::indexOf (37 bytes)
Event: 9.016 Thread 0x0000024fb51ee120 nmethod 11085 0x0000024f4f15cd90 code [0x0000024f4f15d000, 0x0000024f4f15d6f0]
Event: 9.016 Thread 0x0000024fb51ee120 11058       4       java.util.Arrays::stream (8 bytes)
Event: 9.016 Thread 0x0000024fb51f0330 nmethod 10960 0x0000024f4f15de10 code [0x0000024f4f15dfa0, 0x0000024f4f15e1b8]
Event: 9.016 Thread 0x0000024fb51f0330 9495       4       groovyjarjarantlr4.v4.runtime.atn.PredictionContext::getChild (10 bytes)

GC Heap History (18 events):
Event: 0.886 GC heap before
{Heap before GC invocations=0 (full 0):
 garbage-first heap   total 1032192K, used 49152K [0x0000000413000000, 0x0000000800000000)
  region size 8192K, 6 young (49152K), 0 survivors (0K)
 Metaspace       used 7752K, committed 7936K, reserved 1114112K
  class space    used 915K, committed 1024K, reserved 1048576K
}
Event: 0.890 GC heap after
{Heap after GC invocations=1 (full 0):
 garbage-first heap   total 1032192K, used 4609K [0x0000000413000000, 0x0000000800000000)
  region size 8192K, 1 young (8192K), 1 survivors (8192K)
 Metaspace       used 7752K, committed 7936K, reserved 1114112K
  class space    used 915K, committed 1024K, reserved 1048576K
}
Event: 1.644 GC heap before
{Heap before GC invocations=1 (full 0):
 garbage-first heap   total 1032192K, used 45569K [0x0000000413000000, 0x0000000800000000)
  region size 8192K, 6 young (49152K), 1 survivors (8192K)
 Metaspace       used 15548K, committed 15808K, reserved 1114112K
  class space    used 1875K, committed 1984K, reserved 1048576K
}
Event: 1.648 GC heap after
{Heap after GC invocations=2 (full 0):
 garbage-first heap   total 1032192K, used 8458K [0x0000000413000000, 0x0000000800000000)
  region size 8192K, 1 young (8192K), 1 survivors (8192K)
 Metaspace       used 15548K, committed 15808K, reserved 1114112K
  class space    used 1875K, committed 1984K, reserved 1048576K
}
Event: 3.219 GC heap before
{Heap before GC invocations=2 (full 0):
 garbage-first heap   total 1032192K, used 73994K [0x0000000413000000, 0x0000000800000000)
  region size 8192K, 10 young (81920K), 1 survivors (8192K)
 Metaspace       used 21213K, committed 21504K, reserved 1114112K
  class space    used 2536K, committed 2688K, reserved 1048576K
}
Event: 3.224 GC heap after
{Heap after GC invocations=3 (full 0):
 garbage-first heap   total 1032192K, used 13608K [0x0000000413000000, 0x0000000800000000)
  region size 8192K, 2 young (16384K), 2 survivors (16384K)
 Metaspace       used 21213K, committed 21504K, reserved 1114112K
  class space    used 2536K, committed 2688K, reserved 1048576K
}
Event: 3.961 GC heap before
{Heap before GC invocations=4 (full 0):
 garbage-first heap   total 81920K, used 70952K [0x0000000413000000, 0x0000000800000000)
  region size 8192K, 9 young (73728K), 2 survivors (16384K)
 Metaspace       used 27332K, committed 27712K, reserved 1114112K
  class space    used 3159K, committed 3328K, reserved 1048576K
}
Event: 3.972 GC heap after
{Heap after GC invocations=5 (full 0):
 garbage-first heap   total 106496K, used 23463K [0x0000000413000000, 0x0000000800000000)
  region size 8192K, 3 young (24576K), 3 survivors (24576K)
 Metaspace       used 27332K, committed 27712K, reserved 1114112K
  class space    used 3159K, committed 3328K, reserved 1048576K
}
Event: 4.803 GC heap before
{Heap before GC invocations=5 (full 0):
 garbage-first heap   total 106496K, used 56231K [0x0000000413000000, 0x0000000800000000)
  region size 8192K, 7 young (57344K), 3 survivors (24576K)
 Metaspace       used 30006K, committed 30464K, reserved 1114112K
  class space    used 3453K, committed 3648K, reserved 1048576K
}
Event: 4.823 GC heap after
{Heap after GC invocations=6 (full 0):
 garbage-first heap   total 106496K, used 26089K [0x0000000413000000, 0x0000000800000000)
  region size 8192K, 1 young (8192K), 1 survivors (8192K)
 Metaspace       used 30006K, committed 30464K, reserved 1114112K
  class space    used 3453K, committed 3648K, reserved 1048576K
}
Event: 6.478 GC heap before
{Heap before GC invocations=6 (full 0):
 garbage-first heap   total 106496K, used 75241K [0x0000000413000000, 0x0000000800000000)
  region size 8192K, 7 young (57344K), 1 survivors (8192K)
 Metaspace       used 30872K, committed 31360K, reserved 1114112K
  class space    used 3508K, committed 3712K, reserved 1048576K
}
Event: 6.485 GC heap after
{Heap after GC invocations=7 (full 0):
 garbage-first heap   total 106496K, used 26194K [0x0000000413000000, 0x0000000800000000)
  region size 8192K, 1 young (8192K), 1 survivors (8192K)
 Metaspace       used 30872K, committed 31360K, reserved 1114112K
  class space    used 3508K, committed 3712K, reserved 1048576K
}
Event: 7.176 GC heap before
{Heap before GC invocations=7 (full 0):
 garbage-first heap   total 106496K, used 58962K [0x0000000413000000, 0x0000000800000000)
  region size 8192K, 7 young (57344K), 1 survivors (8192K)
 Metaspace       used 35966K, committed 36416K, reserved 1114112K
  class space    used 4117K, committed 4288K, reserved 1048576K
}
Event: 7.186 GC heap after
{Heap after GC invocations=8 (full 0):
 garbage-first heap   total 106496K, used 30930K [0x0000000413000000, 0x0000000800000000)
  region size 8192K, 1 young (8192K), 1 survivors (8192K)
 Metaspace       used 35966K, committed 36416K, reserved 1114112K
  class space    used 4117K, committed 4288K, reserved 1048576K
}
Event: 7.667 GC heap before
{Heap before GC invocations=9 (full 0):
 garbage-first heap   total 106496K, used 71890K [0x0000000413000000, 0x0000000800000000)
  region size 8192K, 7 young (57344K), 1 survivors (8192K)
 Metaspace       used 39526K, committed 40064K, reserved 1114112K
  class space    used 4690K, committed 4928K, reserved 1048576K
}
Event: 7.681 GC heap after
{Heap after GC invocations=10 (full 0):
 garbage-first heap   total 106496K, used 34845K [0x0000000413000000, 0x0000000800000000)
  region size 8192K, 1 young (8192K), 1 survivors (8192K)
 Metaspace       used 39526K, committed 40064K, reserved 1114112K
  class space    used 4690K, committed 4928K, reserved 1048576K
}
Event: 7.822 GC heap before
{Heap before GC invocations=10 (full 0):
 garbage-first heap   total 106496K, used 83997K [0x0000000413000000, 0x0000000800000000)
  region size 8192K, 7 young (57344K), 1 survivors (8192K)
 Metaspace       used 39906K, committed 40384K, reserved 1114112K
  class space    used 4722K, committed 4928K, reserved 1048576K
}
Event: 7.835 GC heap after
{Heap after GC invocations=11 (full 0):
 garbage-first heap   total 573440K, used 36538K [0x0000000413000000, 0x0000000800000000)
  region size 8192K, 1 young (8192K), 1 survivors (8192K)
 Metaspace       used 39906K, committed 40384K, reserved 1114112K
  class space    used 4722K, committed 4928K, reserved 1048576K
}

Dll operation events (8 events):
Event: 0.010 Loaded shared library C:\Users\apapapet\.sdkman\candidates\java\21.0.8-tem\bin\java.dll
Event: 0.037 Loaded shared library C:\Users\apapapet\.sdkman\candidates\java\21.0.8-tem\bin\jsvml.dll
Event: 0.059 Loaded shared library C:\Users\apapapet\.sdkman\candidates\java\21.0.8-tem\bin\net.dll
Event: 0.061 Loaded shared library C:\Users\apapapet\.sdkman\candidates\java\21.0.8-tem\bin\nio.dll
Event: 0.064 Loaded shared library C:\Users\apapapet\.sdkman\candidates\java\21.0.8-tem\bin\zip.dll
Event: 0.160 Loaded shared library C:\Users\apapapet\.sdkman\candidates\java\21.0.8-tem\bin\jimage.dll
Event: 0.161 Loaded shared library C:\Users\apapapet\.sdkman\candidates\maven\current\lib\jansi-native\Windows\x86_64\jansi.dll
Event: 0.175 Loaded shared library C:\Users\apapapet\.sdkman\candidates\java\21.0.8-tem\bin\verify.dll

Deoptimization events (20 events):
Event: 8.815 Thread 0x0000024f3c5193b0 DEOPT PACKING pc=0x0000024f46f7f2cc sp=0x000000d0586fd1b0
Event: 8.815 Thread 0x0000024f3c5193b0 DEOPT UNPACKING pc=0x0000024f4e404e42 sp=0x000000d0586fc5d0 mode 0
Event: 8.820 Thread 0x0000024f3c5193b0 DEOPT PACKING pc=0x0000024f48655be6 sp=0x000000d0586fc050
Event: 8.820 Thread 0x0000024f3c5193b0 DEOPT UNPACKING pc=0x0000024f4e404e42 sp=0x000000d0586fb750 mode 0
Event: 8.828 Thread 0x0000024f3c5193b0 DEOPT PACKING pc=0x0000024f46f7f2cc sp=0x000000d0586fcdf0
Event: 8.828 Thread 0x0000024f3c5193b0 DEOPT UNPACKING pc=0x0000024f4e404e42 sp=0x000000d0586fc210 mode 0
Event: 8.840 Thread 0x0000024f3c5193b0 DEOPT PACKING pc=0x0000024f46f7f2cc sp=0x000000d0586fc640
Event: 8.840 Thread 0x0000024f3c5193b0 DEOPT UNPACKING pc=0x0000024f4e404e42 sp=0x000000d0586fba60 mode 0
Event: 8.852 Thread 0x0000024f3c5193b0 DEOPT PACKING pc=0x0000024f46f7f2cc sp=0x000000d0586fcd60
Event: 8.852 Thread 0x0000024f3c5193b0 DEOPT UNPACKING pc=0x0000024f4e404e42 sp=0x000000d0586fc180 mode 0
Event: 8.861 Thread 0x0000024f3c5193b0 DEOPT PACKING pc=0x0000024f46f7f2cc sp=0x000000d0586fccf0
Event: 8.861 Thread 0x0000024f3c5193b0 DEOPT UNPACKING pc=0x0000024f4e404e42 sp=0x000000d0586fc110 mode 0
Event: 8.872 Thread 0x0000024f3c5193b0 DEOPT PACKING pc=0x0000024f46f7f2cc sp=0x000000d0586fc5f0
Event: 8.872 Thread 0x0000024f3c5193b0 DEOPT UNPACKING pc=0x0000024f4e404e42 sp=0x000000d0586fba10 mode 0
Event: 8.886 Thread 0x0000024f3c5193b0 DEOPT PACKING pc=0x0000024f46f7f2cc sp=0x000000d0586fbe10
Event: 8.886 Thread 0x0000024f3c5193b0 DEOPT UNPACKING pc=0x0000024f4e404e42 sp=0x000000d0586fb230 mode 0
Event: 8.897 Thread 0x0000024f3c5193b0 DEOPT PACKING pc=0x0000024f46f7f2cc sp=0x000000d0586fc2f0
Event: 8.897 Thread 0x0000024f3c5193b0 DEOPT UNPACKING pc=0x0000024f4e404e42 sp=0x000000d0586fb710 mode 0
Event: 8.906 Thread 0x0000024f3c5193b0 DEOPT PACKING pc=0x0000024f46f7f2cc sp=0x000000d0586fc8f0
Event: 8.906 Thread 0x0000024f3c5193b0 DEOPT UNPACKING pc=0x0000024f4e404e42 sp=0x000000d0586fbd10 mode 0

Classes loaded (20 events):
Event: 8.953 Loading class java/net/TRUE
Event: 8.953 Loading class java/net/TRUE done
Event: 8.963 Loading class java/lang/CHARACTER
Event: 8.963 Loading class java/lang/CHARACTER done
Event: 8.964 Loading class java/util/CHARACTER
Event: 8.964 Loading class java/util/CHARACTER done
Event: 8.964 Loading class java/io/CHARACTER
Event: 8.964 Loading class java/io/CHARACTER done
Event: 8.964 Loading class java/net/CHARACTER
Event: 8.964 Loading class java/net/CHARACTER done
Event: 8.980 Loading class java/lang/Object$ERROR_INVALID_UNICODE_CODE_POINT
Event: 8.980 Loading class java/lang/Object$ERROR_INVALID_UNICODE_CODE_POINT done
Event: 8.994 Loading class java/lang/TYPE
Event: 8.994 Loading class java/lang/TYPE done
Event: 8.995 Loading class java/util/TYPE
Event: 8.995 Loading class java/util/TYPE done
Event: 8.995 Loading class java/io/TYPE
Event: 8.995 Loading class java/io/TYPE done
Event: 8.995 Loading class java/net/TYPE
Event: 8.995 Loading class java/net/TYPE done

Classes unloaded (0 events):
No events

Classes redefined (0 events):
No events

Internal exceptions (20 events):
Event: 6.395 Thread 0x0000024f3c5193b0 Exception <a 'sun/nio/fs/WindowsException'{0x0000000416c0b618}> (0x0000000416c0b618) 
thrown [s\src\hotspot\share\prims\jni.cpp, line 520]
Event: 6.398 Thread 0x0000024f3c5193b0 Exception <a 'sun/nio/fs/WindowsException'{0x0000000416c0c948}> (0x0000000416c0c948) 
thrown [s\src\hotspot\share\prims\jni.cpp, line 520]
Event: 7.030 Thread 0x0000024f3c5193b0 Exception <a 'java/lang/NoSuchMethodError'{0x000000041723ab90}: 'void java.lang.invoke.DirectMethodHandle$Holder.invokeStaticInit(java.lang.Object, java.lang.Object, java.lang.Object, java.lang.Object)'> (0x000000041723ab90) 
thrown [s\src\hotspot\share\interpreter\linkResolver.cpp, line 773]
Event: 7.041 Thread 0x0000024f3c5193b0 Exception <a 'java/lang/NoSuchMethodError'{0x00000004172af610}: 'int java.lang.invoke.DirectMethodHandle$Holder.invokeStaticInit(java.lang.Object, java.lang.Object, java.lang.Object, java.lang.Object)'> (0x00000004172af610) 
thrown [s\src\hotspot\share\interpreter\linkResolver.cpp, line 773]
Event: 7.042 Thread 0x0000024f3c5193b0 Exception <a 'java/lang/IncompatibleClassChangeError'{0x00000004172b7d98}: Found class java.lang.Object, but interface was expected> (0x00000004172b7d98) 
thrown [s\src\hotspot\share\interpreter\linkResolver.cpp, line 840]
Event: 7.049 Thread 0x0000024f3c5193b0 Exception <a 'java/lang/NoSuchMethodError'{0x00000004172e1cc0}: 'java.lang.Class[] java.lang.Class.getPermittedSubclasses(java.lang.Class)'> (0x00000004172e1cc0) 
thrown [s\src\hotspot\share\interpreter\linkResolver.cpp, line 773]
Event: 7.056 Thread 0x0000024f3c5193b0 Exception <a 'java/lang/NoSuchMethodError'{0x0000000417312380}: 'java.lang.reflect.Method[] java.lang.Class.getDeclaredMethods(java.lang.Class)'> (0x0000000417312380) 
thrown [s\src\hotspot\share\interpreter\linkResolver.cpp, line 773]
Event: 7.113 Thread 0x0000024f3c5193b0 Exception <a 'java/lang/ClassNotFoundException'{0x00000004175899a0}: groovy/lang/ExpandoMetaClassBeanInfo> (0x00000004175899a0) 
thrown [s\src\hotspot\share\classfile\systemDictionary.cpp, line 312]
Event: 7.113 Thread 0x0000024f3c5193b0 Exception <a 'java/lang/ClassNotFoundException'{0x000000041758c748}: groovy/lang/MetaClassImplBeanInfo> (0x000000041758c748) 
thrown [s\src\hotspot\share\classfile\systemDictionary.cpp, line 312]
Event: 7.113 Thread 0x0000024f3c5193b0 Exception <a 'java/lang/ClassNotFoundException'{0x000000041758dfe0}: java/lang/ObjectBeanInfo> (0x000000041758dfe0) 
thrown [s\src\hotspot\share\classfile\systemDictionary.cpp, line 312]
Event: 7.114 Thread 0x0000024f3c5193b0 Exception <a 'java/lang/ClassNotFoundException'{0x000000041758ff18}: java/lang/ObjectCustomizer> (0x000000041758ff18) 
thrown [s\src\hotspot\share\classfile\systemDictionary.cpp, line 312]
Event: 7.116 Thread 0x0000024f3c5193b0 Exception <a 'java/lang/IncompatibleClassChangeError'{0x0000000417594d50}: Found class java.lang.Object, but interface was expected> (0x0000000417594d50) 
thrown [s\src\hotspot\share\interpreter\linkResolver.cpp, line 840]
Event: 7.121 Thread 0x0000024f3c5193b0 Exception <a 'java/lang/ClassNotFoundException'{0x00000004175ac578}: groovy/lang/MetaClassImplCustomizer> (0x00000004175ac578) 
thrown [s\src\hotspot\share\classfile\systemDictionary.cpp, line 312]
Event: 7.125 Thread 0x0000024f3c5193b0 Exception <a 'java/lang/ClassNotFoundException'{0x00000004175d00f8}: groovy/lang/ExpandoMetaClassCustomizer> (0x00000004175d00f8) 
thrown [s\src\hotspot\share\classfile\systemDictionary.cpp, line 312]
Event: 7.154 Thread 0x0000024f3c5193b0 Exception <a 'java/lang/NoSuchMethodError'{0x0000000417720750}: 'java.lang.Object java.lang.invoke.DirectMethodHandle$Holder.invokeStaticInit(java.lang.Object, java.lang.Object, java.lang.Object, java.lang.Object, int, java.lang.Object, java.lang.Object, java.lang.Object, java.lang.Object, java.lang.Object)'> (0x0000000417720750) 
thrown [s\src\hotspot\share\interpreter\linkResolver.cpp, line 773]
Event: 7.157 Thread 0x0000024f3c5193b0 Exception <a 'java/lang/NoSuchMethodError'{0x0000000417727db0}: 'int java.lang.invoke.Invokers$Holder.exactInvoker(java.lang.Object, java.lang.Object)'> (0x0000000417727db0) 
thrown [s\src\hotspot\share\interpreter\linkResolver.cpp, line 773]
Event: 7.736 Thread 0x0000024fb565e750 Exception <a 'java/lang/NoSuchMethodError'{0x000000044cee24a8}: 'int java.lang.invoke.DirectMethodHandle$Holder.invokeStatic(java.lang.Object, int, java.lang.Object)'> (0x000000044cee24a8) 
thrown [s\src\hotspot\share\interpreter\linkResolver.cpp, line 773]
Event: 8.249 Thread 0x0000024fb6ebd010 Exception <a 'java/lang/NoSuchMethodError'{0x00000004309fae08}: 'java.lang.Object java.lang.invoke.DirectMethodHandle$Holder.newInvokeSpecial(java.lang.Object, java.lang.Object, java.lang.Object, int, java.lang.Object)'> (0x00000004309fae08) 
thrown [s\src\hotspot\share\interpreter\linkResolver.cpp, line 773]
Event: 8.250 Thread 0x0000024fb6ebd010 Exception <a 'java/lang/NoSuchMethodError'{0x00000004309feba8}: 'java.lang.Object java.lang.invoke.Invokers$Holder.linkToTargetMethod(java.lang.Object, java.lang.Object, int, java.lang.Object, java.lang.Object)'> (0x00000004309feba8) 
thrown [s\src\hotspot\share\interpreter\linkResolver.cpp, line 773]
Event: 8.634 Thread 0x0000024f3c5193b0 Exception <a 'java/lang/NoSuchMethodError'{0x000000042d28d7f0}: 'int java.lang.invoke.Invokers$Holder.invokeExact_MT(java.lang.Object, java.lang.Object, java.lang.Object)'> (0x000000042d28d7f0) 
thrown [s\src\hotspot\share\interpreter\linkResolver.cpp, line 773]

ZGC Phase Switch (0 events):
No events

VM Operations (20 events):
Event: 7.864 Executing VM operation: HandshakeAllThreads (Deoptimize)
Event: 7.864 Executing VM operation: HandshakeAllThreads (Deoptimize) done
Event: 7.866 Executing VM operation: HandshakeAllThreads (Deoptimize)
Event: 7.866 Executing VM operation: HandshakeAllThreads (Deoptimize) done
Event: 8.052 Executing VM operation: ICBufferFull
Event: 8.052 Executing VM operation: ICBufferFull done
Event: 8.499 Executing VM operation: HandshakeAllThreads (Deoptimize)
Event: 8.499 Executing VM operation: HandshakeAllThreads (Deoptimize) done
Event: 8.557 Executing VM operation: HandshakeAllThreads (Deoptimize)
Event: 8.557 Executing VM operation: HandshakeAllThreads (Deoptimize) done
Event: 8.571 Executing VM operation: HandshakeAllThreads (Deoptimize)
Event: 8.571 Executing VM operation: HandshakeAllThreads (Deoptimize) done
Event: 8.597 Executing VM operation: ICBufferFull
Event: 8.597 Executing VM operation: ICBufferFull done
Event: 8.630 Executing VM operation: HandshakeAllThreads (Deoptimize)
Event: 8.630 Executing VM operation: HandshakeAllThreads (Deoptimize) done
Event: 8.694 Executing VM operation: HandshakeAllThreads (Deoptimize)
Event: 8.694 Executing VM operation: HandshakeAllThreads (Deoptimize) done
Event: 8.918 Executing VM operation: ICBufferFull
Event: 8.918 Executing VM operation: ICBufferFull done

Memory protections (0 events):
No events

Nmethod flushes (20 events):
Event: 7.215 Thread 0x0000024f6a481ab0 flushing  nmethod 0x0000024f475e5590
Event: 7.215 Thread 0x0000024f6a481ab0 flushing  nmethod 0x0000024f475e6210
Event: 7.215 Thread 0x0000024f6a481ab0 flushing  nmethod 0x0000024f475e9e10
Event: 7.215 Thread 0x0000024f6a481ab0 flushing  nmethod 0x0000024f475ebc10
Event: 7.215 Thread 0x0000024f6a481ab0 flushing  nmethod 0x0000024f47602710
Event: 7.215 Thread 0x0000024f6a481ab0 flushing  nmethod 0x0000024f47604010
Event: 7.215 Thread 0x0000024f6a481ab0 flushing  nmethod 0x0000024f47608290
Event: 7.215 Thread 0x0000024f6a481ab0 flushing  nmethod 0x0000024f4760a410
Event: 7.215 Thread 0x0000024f6a481ab0 flushing  nmethod 0x0000024f4760a990
Event: 7.215 Thread 0x0000024f6a481ab0 flushing  nmethod 0x0000024f4760b590
Event: 7.215 Thread 0x0000024f6a481ab0 flushing  nmethod 0x0000024f47614d90
Event: 7.215 Thread 0x0000024f6a481ab0 flushing  nmethod 0x0000024f47618090
Event: 7.215 Thread 0x0000024f6a481ab0 flushing  nmethod 0x0000024f476f3210
Event: 7.215 Thread 0x0000024f6a481ab0 flushing  nmethod 0x0000024f476f3690
Event: 7.215 Thread 0x0000024f6a481ab0 flushing  nmethod 0x0000024f47719a10
Event: 7.215 Thread 0x0000024f6a481ab0 flushing  nmethod 0x0000024f4773c810
Event: 7.215 Thread 0x0000024f6a481ab0 flushing  nmethod 0x0000024f4773fd10
Event: 7.215 Thread 0x0000024f6a481ab0 flushing  nmethod 0x0000024f47857910
Event: 7.215 Thread 0x0000024f6a481ab0 flushing  nmethod 0x0000024f4786b290
Event: 7.215 Thread 0x0000024f6a481ab0 flushing  nmethod 0x0000024f478f5010

Events (20 events):
Event: 3.429 Thread 0x0000024f6a4b7e00 Thread added: 0x0000024fb51f0a00
Event: 3.460 Thread 0x0000024f6d96a9b0 Thread added: 0x0000024fb51ee7f0
Event: 3.500 Thread 0x0000024f6d3c9f90 Thread added: 0x0000024fb51f17a0
Event: 3.800 Thread 0x0000024f6d96a9b0 Thread added: 0x0000024fb583f420
Event: 3.892 Thread 0x0000024f6d968160 Thread added: 0x0000024fb583cb40
Event: 7.370 Thread 0x0000024f3c5193b0 Thread added: 0x0000024fb51c6f70
Event: 7.370 Thread 0x0000024f3c5193b0 Thread added: 0x0000024f6d5854f0
Event: 7.370 Thread 0x0000024fb51c6f70 Thread added: 0x0000024f6d94c2d0
Event: 7.371 Thread 0x0000024fb51c6f70 Thread added: 0x0000024fb3feff20
Event: 7.371 Thread 0x0000024f6d5854f0 Thread added: 0x0000024fb6ebd010
Event: 7.371 Thread 0x0000024f6d94c2d0 Thread added: 0x0000024fb48db700
Event: 7.371 Thread 0x0000024f6d5854f0 Thread added: 0x0000024fb4b20d70
Event: 7.371 Thread 0x0000024fb3feff20 Thread added: 0x0000024fb565e0c0
Event: 7.371 Thread 0x0000024f6d94c2d0 Thread added: 0x0000024fb565ede0
Event: 7.371 Thread 0x0000024fb3feff20 Thread added: 0x0000024fb565cd10
Event: 7.371 Thread 0x0000024fb48db700 Thread added: 0x0000024fb565e750
Event: 7.371 Thread 0x0000024fb565ede0 Thread added: 0x0000024fb5660190
Event: 7.371 Thread 0x0000024f6d94c2d0 Thread added: 0x0000024fb565da30
Event: 7.372 Thread 0x0000024fb48db700 Thread added: 0x0000024fb565f470
Event: 7.372 Thread 0x0000024fb565ede0 Thread added: 0x0000024fb565fb00


Dynamic libraries:
0x00007ff6b06b0000 - 0x00007ff6b06be000 	C:\Users\apapapet\.sdkman\candidates\java\21.0.8-tem\bin\java.exe
0x00007fff22500000 - 0x00007fff22768000 	C:\WINDOWS\SYSTEM32\ntdll.dll
0x00007fff21530000 - 0x00007fff215f9000 	C:\WINDOWS\System32\KERNEL32.DLL
0x00007fff1f690000 - 0x00007fff1fa82000 	C:\WINDOWS\System32\KERNELBASE.dll
0x00007fff20180000 - 0x00007fff202cb000 	C:\WINDOWS\System32\ucrtbase.dll
0x00007fff14440000 - 0x00007fff1445e000 	C:\Users\apapapet\.sdkman\candidates\java\21.0.8-tem\bin\VCRUNTIME140.dll
0x00007fff19f70000 - 0x00007fff19f88000 	C:\Users\apapapet\.sdkman\candidates\java\21.0.8-tem\bin\jli.dll
0x00007fff20d00000 - 0x00007fff20ec5000 	C:\WINDOWS\System32\USER32.dll
0x00007fff08490000 - 0x00007fff08723000 	C:\WINDOWS\WinSxS\amd64_microsoft.windows.common-controls_6595b64144ccf1df_6.0.26100.6899_none_3e0efeeae32e88c1\COMCTL32.dll
0x00007fff217c0000 - 0x00007fff21869000 	C:\WINDOWS\System32\msvcrt.dll
0x00007fff1feb0000 - 0x00007fff1fed7000 	C:\WINDOWS\System32\win32u.dll
0x00007fff20480000 - 0x00007fff204ab000 	C:\WINDOWS\System32\GDI32.dll
0x00007fff1fee0000 - 0x00007fff2000d000 	C:\WINDOWS\System32\gdi32full.dll
0x00007fff1fcd0000 - 0x00007fff1fd73000 	C:\WINDOWS\System32\msvcp_win.dll
0x00007fff20740000 - 0x00007fff2076f000 	C:\WINDOWS\System32\IMM32.DLL
0x00007fff1bef0000 - 0x00007fff1befc000 	C:\Users\apapapet\.sdkman\candidates\java\21.0.8-tem\bin\vcruntime140_1.dll
0x00007fff01730000 - 0x00007fff017bd000 	C:\Users\apapapet\.sdkman\candidates\java\21.0.8-tem\bin\msvcp140.dll
0x00007ffe7b0b0000 - 0x00007ffe7be47000 	C:\Users\apapapet\.sdkman\candidates\java\21.0.8-tem\bin\server\jvm.dll
0x00007fff202d0000 - 0x00007fff20384000 	C:\WINDOWS\System32\ADVAPI32.dll
0x00007fff20670000 - 0x00007fff20716000 	C:\WINDOWS\System32\sechost.dll
0x00007fff219d0000 - 0x00007fff21ae8000 	C:\WINDOWS\System32\RPCRT4.dll
0x00007fff216c0000 - 0x00007fff21734000 	C:\WINDOWS\System32\WS2_32.dll
0x00007fff1f350000 - 0x00007fff1f3ae000 	C:\WINDOWS\SYSTEM32\POWRPROF.dll
0x00007fff16830000 - 0x00007fff1683b000 	C:\WINDOWS\SYSTEM32\VERSION.dll
0x00007fff167f0000 - 0x00007fff16825000 	C:\WINDOWS\SYSTEM32\WINMM.dll
0x00007fff1f330000 - 0x00007fff1f344000 	C:\WINDOWS\SYSTEM32\UMPDC.dll
0x00007fff1e180000 - 0x00007fff1e19b000 	C:\WINDOWS\SYSTEM32\kernel.appcore.dll
0x00007fff1be90000 - 0x00007fff1be9a000 	C:\Users\apapapet\.sdkman\candidates\java\21.0.8-tem\bin\jimage.dll
0x00007fff1c800000 - 0x00007fff1ca42000 	C:\WINDOWS\SYSTEM32\DBGHELP.DLL
0x00007fff21010000 - 0x00007fff2138b000 	C:\WINDOWS\System32\combase.dll
0x00007fff20c10000 - 0x00007fff20ce7000 	C:\WINDOWS\System32\OLEAUT32.dll
0x00007fff0f760000 - 0x00007fff0f79c000 	C:\WINDOWS\SYSTEM32\dbgcore.DLL
0x00007fff1fd80000 - 0x00007fff1fe18000 	C:\WINDOWS\System32\bcryptPrimitives.dll
0x00007fff14400000 - 0x00007fff1441f000 	C:\Users\apapapet\.sdkman\candidates\java\21.0.8-tem\bin\java.dll
0x00007fff21d70000 - 0x00007fff224bd000 	C:\WINDOWS\System32\SHELL32.dll
0x00007fff20010000 - 0x00007fff2017b000 	C:\WINDOWS\System32\wintypes.dll
0x00007fff1cdf0000 - 0x00007fff1d64d000 	C:\WINDOWS\SYSTEM32\windows.storage.dll
0x00007fff20ee0000 - 0x00007fff20fd2000 	C:\WINDOWS\System32\SHCORE.dll
0x00007fff20600000 - 0x00007fff20662000 	C:\WINDOWS\System32\shlwapi.dll
0x00007fff1f5b0000 - 0x00007fff1f5d9000 	C:\WINDOWS\SYSTEM32\profapi.dll
0x00007fff01490000 - 0x00007fff01567000 	C:\Users\apapapet\.sdkman\candidates\java\21.0.8-tem\bin\jsvml.dll
0x00007fff1a090000 - 0x00007fff1a0a0000 	C:\Users\apapapet\.sdkman\candidates\java\21.0.8-tem\bin\net.dll
0x00007fff1e1a0000 - 0x00007fff1e2bf000 	C:\WINDOWS\SYSTEM32\WINHTTP.dll
0x00007fff1e800000 - 0x00007fff1e86b000 	C:\WINDOWS\system32\mswsock.dll
0x00007fff143e0000 - 0x00007fff143f6000 	C:\Users\apapapet\.sdkman\candidates\java\21.0.8-tem\bin\nio.dll
0x00007fff103a0000 - 0x00007fff103b8000 	C:\Users\apapapet\.sdkman\candidates\java\21.0.8-tem\bin\zip.dll
0x00007fff08d20000 - 0x00007fff08d44000 	C:\Users\apapapet\.sdkman\candidates\maven\current\lib\jansi-native\Windows\x86_64\jansi.dll
0x00007fff144d0000 - 0x00007fff144e0000 	C:\Users\apapapet\.sdkman\candidates\java\21.0.8-tem\bin\verify.dll
0x00007fff1e3d0000 - 0x00007fff1e406000 	C:\WINDOWS\SYSTEM32\ntmarta.dll

JVMTI agents: none

dbghelp: loaded successfully - version: 4.0.5 - missing functions: none
symbol engine: initialized successfully - sym options: 0x614 - pdb path: .;C:\Users\apapapet\.sdkman\candidates\java\21.0.8-tem\bin;C:\WINDOWS\SYSTEM32;C:\WINDOWS\WinSxS\amd64_microsoft.windows.common-controls_6595b64144ccf1df_6.0.26100.6899_none_3e0efeeae32e88c1;C:\Users\apapapet\.sdkman\candidates\java\21.0.8-tem\bin\server;C:\Users\apapapet\.sdkman\candidates\maven\current\lib\jansi-native\Windows\x86_64

VM Arguments:
jvm_args: --add-opens=java.base/java.lang=ALL-UNNAMED --enable-native-access=ALL-UNNAMED -Dclassworlds.conf=C:/Users/apapapet/.sdkman/candidates/maven/current/bin/m2.conf -Dmaven.home=C:/Users/apapapet/.sdkman/candidates/maven/current -Dlibrary.jansi.path=C:/Users/apapapet/.sdkman/candidates/maven/current/lib/jansi-native -Dmaven.multiModuleProjectDirectory=C:/Users/apapapet/Projects/personal/funcky 
java_command: org.codehaus.plexus.classworlds.launcher.Launcher clean verify
java_class_path (initial): C:/Users/apapapet/.sdkman/candidates/maven/current/boot/plexus-classworlds-2.9.0.jar
Launcher Type: SUN_STANDARD

[Global flags]
     intx CICompilerCount                          = 12                                        {product} {ergonomic}
     uint ConcGCThreads                            = 3                                         {product} {ergonomic}
     uint G1ConcRefinementThreads                  = 13                                        {product} {ergonomic}
   size_t G1HeapRegionSize                         = 8388608                                   {product} {ergonomic}
    uintx GCDrainStackTargetSize                   = 64                                        {product} {ergonomic}
   size_t InitialHeapSize                          = 1056964608                                {product} {ergonomic}
   size_t MarkStackSize                            = 4194304                                   {product} {ergonomic}
   size_t MaxHeapSize                              = 16861102080                               {product} {ergonomic}
   size_t MaxNewSize                               = 10116661248                               {product} {ergonomic}
   size_t MinHeapDeltaBytes                        = 8388608                                   {product} {ergonomic}
   size_t MinHeapSize                              = 8388608                                   {product} {ergonomic}
    uintx NonNMethodCodeHeapSize                   = 7602480                                {pd product} {ergonomic}
    uintx NonProfiledCodeHeapSize                  = 122027880                              {pd product} {ergonomic}
    uintx ProfiledCodeHeapSize                     = 122027880                              {pd product} {ergonomic}
    uintx ReservedCodeCacheSize                    = 251658240                              {pd product} {ergonomic}
     bool SegmentedCodeCache                       = true                                      {product} {ergonomic}
   size_t SoftMaxHeapSize                          = 16861102080                            {manageable} {ergonomic}
     bool UseCompressedOops                        = true                           {product lp64_product} {ergonomic}
     bool UseG1GC                                  = true                                      {product} {ergonomic}
     bool UseLargePagesIndividualAllocation        = false                                  {pd product} {ergonomic}

Logging:
Log output configuration:
 #0: stdout all=warning uptime,level,tags foldmultilines=false
 #1: stderr all=off uptime,level,tags foldmultilines=false

Environment Variables:
JAVA_HOME=C:/Users/apapapet/.sdkman/candidates/java/21.0.8-tem
PATH=C:\Users\apapapet\.sdkman\candidates\maven\current\bin;C:\Users\apapapet\.sdkman\candidates\groovy\current\bin;C:\Users\apapapet\bin;C:\Program Files\Git\mingw64\bin;C:\Program Files\Git\usr\local\bin;C:\Program Files\Git\usr\bin;C:\Program Files\Git\usr\bin;C:\Program Files\Git\mingw64\bin;C:\Program Files\Git\usr\bin;C:\Users\apapapet\bin;C:\WINDOWS\system32;C:\WINDOWS;C:\WINDOWS\System32\Wbem;C:\WINDOWS\System32\WindowsPowerShell\v1.0;C:\WINDOWS\System32\OpenSSH;C:\Users\apapapet\AppData\Roaming\nvm;C:\Program Files\nodejs;C:\Program Files\Git\cmd;C:\Program Files\Rancher Desktop\resources\resources\win32\bin;C:\Program Files\Rancher Desktop\resources\resources\win32\docker-cli-plugins;C:\Program Files\Rancher Desktop\resources\resources\linux\bin;C:\Program Files\Rancher Desktop\resources\resources\linux\docker-cli-plugins;C:\WINDOWS\system32;C:\WINDOWS;C:\WINDOWS\System32\Wbem;C:\WINDOWS\System32\WindowsPowerShell\v1.0;C:\WINDOWS\System32\OpenSSH;C:\Program Files\Git\cmd;C:\Program Files\Docker\Docker\resources\bin;C:\Users\apapapet\AppData\Local\Microsoft\WindowsApps;C:\Users\apapapet\.sdkman\candidates\java\21.0.8-tem\bin;C:\Users\apapapet\AppData\Roaming\nvm;C:\Program Files\nodejs;C:\Users\apapapet\AppData\Local\Microsoft\WindowsApps;C:\Program Files\Git\usr\bin\vendor_perl;C:\Program Files\Git\usr\bin\core_perl
USERNAME=apapapet
SHELL=C:\Program Files\Git\usr\bin\bash.exe
DISPLAY=needs-to-be-defined
LC_CTYPE=en_US.UTF-8
TERM=xterm
TMPDIR=C:\Users\apapapet\AppData\Local\Temp
OS=Windows_NT
PROCESSOR_IDENTIFIER=AMD64 Family 25 Model 80 Stepping 0, AuthenticAMD
TMP=C:\Users\apapapet\AppData\Local\Temp
TEMP=C:\Users\apapapet\AppData\Local\Temp




Periodic native trim disabled

---------------  S Y S T E M  ---------------

OS:
 Windows 11 , 64 bit Build 26100 (10.0.26100.6725)
OS uptime: 3 days 20:59 hours
Hyper-V role detected

CPU: total 16 (initial active 16) (16 cores per cpu, 2 threads per core) family 25 model 80 stepping 0 microcode 0xa500014, cx8, cmov, fxsr, ht, mmx, 3dnowpref, sse, sse2, sse3, ssse3, sse4a, sse4.1, sse4.2, popcnt, lzcnt, tsc, tscinvbit, avx, avx2, aes, erms, clmul, bmi1, bmi2, adx, sha, fma, vzeroupper, clflush, clflushopt, hv, rdtscp, rdpid, fsrm, f16c, cet_ss
Processor Information for the first 16 processors :
  Max Mhz: 2000, Current Mhz: 2000, Mhz Limit: 2000

Memory: 4k page, system-wide physical 64302M (39977M free)
TotalPageFile size 73518M (AvailPageFile size 47529M)
current process WorkingSet (physical memory assigned to process): 548M, peak: 557M
current process commit charge ("private bytes"): 898M, peak: 1197M

vm_info: OpenJDK 64-Bit Server VM (21.0.8+9-LTS) for windows-amd64 JRE (21.0.8+9-LTS), built on 2025-07-15T00:00:00Z by "admin" with MS VC++ 17.7 (VS2022)

END.
